#
# A fatal error has been detected by the Java Runtime Environment:
#
#  SIGSEGV (0xb) at pc=0x0000000105a74c98, pid=86777, tid=0x0000000000000103
#
# JRE version: OpenJDK Runtime Environment (8.0_282-b08) (build 1.8.0_282-b08)
# Java VM: OpenJDK 64-Bit Server VM (25.282-b08 mixed mode bsd-aarch64 compressed oops)
# Problematic frame:
# J 2980 C2 com.sun.crypto.provider.AESCrypt.implEncryptBlock([BI[BI)V (953 bytes) @ 0x0000000105a74c98 [0x0000000105a74c80+0x18]
#
# Failed to write core dump. Core dumps have been disabled. To enable core dumping, try "ulimit -c unlimited" before starting Java again
#
# If you would like to submit a bug report, please visit:
#   http://bugreport.java.com/bugreport/crash.jsp
#

---------------  T H R E A D  ---------------

Current thread (0x00000001371b2000):  JavaThread "JavaFX Application Thread" [_thread_in_Java, id=259, stack(0x000000016dd10000,0x000000016fd10000)]

siginfo: si_signo: 11 (SIGSEGV), si_code: 2 (SEGV_ACCERR), si_addr: 0x000000016f513ff0

Registers:
 x0=0x00000007711ff828  x1=0x00000006c0cba2e8  x2=0x00000007711ff5d8  x3=0x0000000000000000
 x4=0x00000007711ff828  x5=0x0000000000000000  x6=0x000000000000004f  x7=0x00000007711ff5b8
 x8=0x00000000000000c1  x9=0xffffffffffff0000 x10=0x000000000000000f x11=0x0000000000000000
x12=0x0000000000000040 x13=0x000000000000000f x14=0x000000000000005f x15=0x0000000000000000
x16=0x000000000000004f x17=0x0000000000000000 x18=0x00000007711ff6f8 x19=0x0000000000000000
x20=0x0000000000000001 x21=0x0000000000000010 x22=0x000000000000004f x23=0x0000000000000010
x24=0x00000007711ff818 x25=0x0000000000000000 x26=0x00000007711ff768 x27=0x0000000000000000
x28=0x00000001371b2000  fp=0x000000016fcd2a70  lr=0x0000000106509e4c  sp=0x000000016f523ff0
pc=0x0000000105a74c98 cpsr=0x0000000080000000
Top of Stack: (sp=0x000000016f523ff0)
0x000000016f523ff0:   00000007711ff6f8 0000005f00000000
0x000000016f524000:   00000007711ff768 00000007711ff5b8
0x000000016f524010:   000000010000004f 00000007711ff828
0x000000016f524020:   000000000000004f 000000000000005f
0x000000016f524030:   0000000000000000 0000004f00000000
0x000000016f524040:   0000000f00000000 0000000400000040
0x000000016f524050:   0000000000000000 000000000000000f
0x000000016f524060:   0000000000000000 0000000100000010
0x000000016f524070:   000000016fcd2a70 0000000106565fb4
0x000000016f524080:   000000100000005f 000000100000005f
0x000000016f524090:   00000007711ff6f8 00000007711ff808
0x000000016f5240a0:   00000007711ff818 000000060000004f
0x000000016f5240b0:   00000007711d9d20 00000007711d9c80
0x000000016f5240c0:   00000007711d9c90 00000000711d9d40
0x000000016f5240d0:   00000006c0cba298 0000005f00000001
0x000000016f5240e0:   0000004100000000 00000007711ff768
0x000000016f5240f0:   0000000600000034 0000004400000009
0x000000016f524100:   0000007900000000 00000007711d9bf8
0x000000016f524110:   0000000000000000 0000000100000010
0x000000016f524120:   0000000000000000 000000000000000f
0x000000016f524130:   000000016fcd2a70 0000000105a40754
0x000000016f524140:   000000016fcd2a70 00000001065670dc
0x000000016f524150:   000000016fcd2a70 0000000105a40754
0x000000016f524160:   00000007711ff3f0 00000007711ff6f8
0x000000016f524170:   0000000700000000 00000006c0cba228
0x000000016f524180:   000000060000005f 0000003800000000
0x000000016f524190:   00000007711ff768 00000000c0cba228
0x000000016f5241a0:   00000007711ff2e8 0000003800000000
0x000000016f5241b0:   00000006c0cba2e8 000000380000003c
0x000000016f5241c0:   0000000700000034 0000000000000009
0x000000016f5241d0:   00000007711ff518 0000000106509d8c
0x000000016f5241e0:   00000007711ff268 0000001000000000 

Instructions: (pc=0x0000000105a74c98)
0x0000000105a74c78:   00 00 00 00 00 00 00 00 28 08 40 b9 3f 01 08 6b
0x0000000105a74c88:   40 00 00 54 6d 1b de 17 1f 20 03 d5 e9 bf 70 b2
0x0000000105a74c98:   ff 6b 29 f8 ff 83 01 d1 fd 7b 05 a9 e5 1f 00 b9
0x0000000105a74ca8:   e4 13 00 f9 e3 03 00 b9 02 40 00 b4 4a 0c 40 b9 


Register to memory mapping:

 x0=0x00000007711ff828 is an oop
[B 
 - klass: {type array byte}
 - length: 16
 x1=0x00000006c0cba2e8 is an oop
com.sun.crypto.provider.AESCrypt 
 - klass: 'com/sun/crypto/provider/AESCrypt'
 x2=0x00000007711ff5d8 is an oop
[B 
 - klass: {type array byte}
 - length: 16
 x3=0x0000000000000000 is an unknown value
 x4=0x00000007711ff828 is an oop
[B 
 - klass: {type array byte}
 - length: 16
 x5=0x0000000000000000 is an unknown value
 x6=0x000000000000004f is an unknown value
 x7=0x00000007711ff5b8 is an oop
com.sun.crypto.provider.GCTR 
 - klass: 'com/sun/crypto/provider/GCTR'
 x8=0x00000000000000c1 is an unknown value
 x9=0xffffffffffff0000 is an unknown value
x10=0x000000000000000f is an unknown value
x11=0x0000000000000000 is an unknown value
x12=0x0000000000000040 is an unknown value
x13=0x000000000000000f is an unknown value
x14=0x000000000000005f is an unknown value
x15=0x0000000000000000 is an unknown value
x16=0x000000000000004f is an unknown value
x17=0x0000000000000000 is an unknown value
x18=0x00000007711ff6f8 is an oop
[B 
 - klass: {type array byte}
 - length: 95
x19=0x0000000000000000 is an unknown value
x20=0x0000000000000001 is an unknown value
x21=0x0000000000000010 is an unknown value
x22=0x000000000000004f is an unknown value
x23=0x0000000000000010 is an unknown value
x24=0x00000007711ff818 is an oop
