#
# A fatal error has been detected by the Java Runtime Environment:
#
#  SIGSEGV (0xb) at pc=0x000000010a3b2a18, pid=86769, tid=0x0000000000000103
#
# JRE version: OpenJDK Runtime Environment (8.0_282-b08) (build 1.8.0_282-b08)
# Java VM: OpenJDK 64-Bit Server VM (25.282-b08 mixed mode bsd-aarch64 compressed oops)
# Problematic frame:
# J 6177 C2 com.sun.crypto.provider.GCTR.doFinal([BII[BI)I (130 bytes) @ 0x000000010a3b2a18 [0x000000010a3b2a00+0x18]
#
# Failed to write core dump. Core dumps have been disabled. To enable core dumping, try "ulimit -c unlimited" before starting Java again
#
# If you would like to submit a bug report, please visit:
#   http://bugreport.java.com/bugreport/crash.jsp
#

---------------  T H R E A D  ---------------

Current thread (0x000000015b27b000):  JavaThread "JavaFX Application Thread" [_thread_in_Java, id=259, stack(0x0000000169d54000,0x000000016bd54000)]

siginfo: si_signo: 11 (SIGSEGV), si_code: 2 (SEGV_ACCERR), si_addr: 0x000000016b557ff0

Registers:
 x0=0x0000000000000000  x1=0x0000000783919cb0  x2=0x0000000783919df0  x3=0x0000000000000000
 x4=0x0000000000000034  x5=0x0000000783919e48  x6=0x0000000000000000  x7=0x0000000000000000
 x8=0x00000000000000ac  x9=0xffffffffffff0000 x10=0x0000000000000044 x11=0x0000000000000044
x12=0x00000000f0723396 x13=0x0000000000000005 x14=0x000000015b27b005 x15=0x0000000000000000
x16=0x0000000000000000 x17=0x0000000783919d58 x18=0x0000000000000000 x19=0x0000000783919df0
x20=0x0000000783919ed0 x21=0x0000000000000010 x22=0x0000000000000034 x23=0x0000000000000010
x24=0x0000000783919ee0 x25=0x0000000000000000 x26=0x0000000783919e48 x27=0x0000000000000000
x28=0x000000015b27b000  fp=0x000000016bd1d880  lr=0x000000010a4182c4  sp=0x000000016b567ff0
pc=0x000000010a3b2a18 cpsr=0x0000000080000000
Top of Stack: (sp=0x000000016b567ff0)
0x000000016b567ff0:   0000001000000044 0000001000000044
0x000000016b568000:   0000000783919df0 0000000783919ed0
0x000000016b568010:   0000000783919ee0 0000003800000034
0x000000016b568020:   0000000100000034 000000000a3b2e4c
0x000000016b568030:   0000000783918d88 0000000000000000
0x000000016b568040:   00000006c4969de8 0000004400000001
0x000000016b568050:   0000004100000000 0000000783919e48
0x000000016b568060:   000000016bd1d880 000000010a3b2e4c
0x000000016b568070:   0000000783918d08 0000001000000000
0x000000016b568080:   0000000783918d28 0000000783918d48
0x000000016b568090:   0000000100000010 0000000783918d88
0x000000016b5680a0:   000000016bd1d880 000000010a482ab0
0x000000016b5680b0:   0000004400000051 0000000783919dc0
0x000000016b5680c0:   0000000783919ad0 0000000783919e48
0x000000016b5680d0:   0000000000000044 000000000000000f
0x000000016b5680e0:   00000007838f2df8 00000007838f2ea8
0x000000016b5680f0:   0000000783919e48 0000000783919df0
0x000000016b568100:   000000060000000c 00000006c4969d78
0x000000016b568110:   0000000100000010 0000000783919bf0
0x000000016b568120:   000000000000000c 0000000783919e48
0x000000016b568130:   00000006c4969de8 00000006c4969e38
0x000000016b568140:   0000000783919c10 00000006c4969d60
0x000000016b568150:   0000000d00000051 00000006c4969d78
0x000000016b568160:   0000000783919b00 000000440000000d
0x000000016b568170:   0000000783919b00 0000000000000000
0x000000016b568180:   0000000783919e48 000000010a25dcd4
0x000000016b568190:   00000006c43649b0 00000006c4364990
0x000000016b5681a0:   00000006c496a1a0 000000000000000f
0x000000016b5681b0:   000000016bd1d880 0000000109bb6898
0x000000016b5681c0:   00000006c4969cb0 0000000d00000017
0x000000016b5681d0:   0000000783919ad0 0000000800029788
0x000000016b5681e0:   00000006c4969d20 000000010a4344e4 

Instructions: (pc=0x000000010a3b2a18)
0x000000010a3b29f8:   00 00 00 00 00 00 00 00 28 08 40 b9 3f 01 08 6b
0x000000010a3b2a08:   40 00 00 54 0d 24 b9 17 1f 20 03 d5 e9 bf 70 b2
0x000000010a3b2a18:   ff 6b 29 f8 ff 43 02 d1 fd 7b 08 a9 e6 33 00 b9
0x000000010a3b2a28:   e3 23 00 b9 e1 0f 00 f9 e4 4f 00 b9 8d 0c 00 12 


Register to memory mapping:

 x0=0x0000000000000000 is an unknown value
 x1=0x0000000783919cb0 is an oop
com.sun.crypto.provider.GCTR 
 - klass: 'com/sun/crypto/provider/GCTR'
 x2=0x0000000783919df0 is an oop
[B 
 - klass: {type array byte}
 - length: 68
 x3=0x0000000000000000 is an unknown value
 x4=0x0000000000000034 is an unknown value
 x5=0x0000000783919e48 is an oop
[B 
 - klass: {type array byte}
 - length: 52
 x6=0x0000000000000000 is an unknown value
 x7=0x0000000000000000 is an unknown value
 x8=0x00000000000000ac is an unknown value
 x9=0xffffffffffff0000 is an unknown value
x10=0x0000000000000044 is an unknown value
x11=0x0000000000000044 is an unknown value
x12=0x00000000f0723396 is an unknown value
x13=0x0000000000000005 is an unknown value
x14=0x000000015b27b005 is an unknown value
x15=0x0000000000000000 is an unknown value
x16=0x0000000000000000 is an unknown value
x17=0x0000000783919d58 is an oop
java.io.ByteArrayOutputStream 
 - klass: 'java/io/ByteArrayOutputStream'
x18=0x0000000000000000 is an unknown value
x19=0x0000000783919df0 is an oop
[B 
 - klass: {type array byte}
 - length: 68
x20=0x0000000783919ed0 is an oop
[B 
 - klass: {type array byte}
 - length: 16
x21=0x0000000000000010 is an unknown value
x22=0x0000000000000034 is an unknown value
x23=0x0000000000000010 is an unknown value
x24=0x0000000783919ee0 is an oop
