#
# A fatal error has been detected by the Java Runtime Environment:
#
#  EXCEPTION_ACCESS_VIOLATION (0xc0000005) at pc=0x000000006b18e344, pid=11376, tid=0x0000000000005ce0
#
# JRE version: Java(TM) SE Runtime Environment (8.0_251-b08) (build 1.8.0_251-b08)
# Java VM: Java HotSpot(TM) 64-Bit Server VM (25.251-b08 mixed mode windows-amd64 compressed oops)
# Problematic frame:
# V  [jvm.dll+0x46e344]
#
# Failed to write core dump. Minidumps are not enabled by default on client versions of Windows
#
# If you would like to submit a bug report, please visit:
#   http://bugreport.java.com/bugreport/crash.jsp
#

---------------  T H R E A D  ---------------

Current thread (0x000000001e369000):  JavaThread "C2 CompilerThread2" daemon [_thread_in_native, id=23776, stack(0x000000001ee30000,0x000000001ef30000)]

siginfo: ExceptionCode=0xc0000005, reading address 0x00000001d30ecfd0

Registers:
RAX=0x00000000261f1af0, RBX=0x0000000000000000, RCX=0x000000002def4ee8, RDX=0x000000006b3bed38
RSP=0x000000001ef2c2a0, RBP=0xffffffffffffffff, RSI=0x000000002e4340f0, RDI=0x0000000026280200
R8 =0x00000000ffffffff, R9 =0x0000000000000001, R10=0x000000000000005c, R11=0x0000000000000041
R12=0x000000001ef2c6b0, R13=0x000000001e38cd48, R14=0x0000000000000168, R15=0x000000000000002d
RIP=0x000000006b18e344, EFLAGS=0x0000000000010297

Top of Stack: (sp=0x000000001ef2c2a0)
0x000000001ef2c2a0:   000000002ba09960 0000000025df5a90
0x000000001ef2c2b0:   00000000000003e7 ffffffffffffffff
0x000000001ef2c2c0:   0000002e0000029c 0000000026280200
0x000000001ef2c2d0:   0000000000000008 000000000000029c
0x000000001ef2c2e0:   0000000000000000 0000000000000000
0x000000001ef2c2f0:   000000001ef2c3c0 00000000000003d8
0x000000001ef2c300:   0000000025c387a8 0000000025c383d0
0x000000001ef2c310:   000000001ef2c440 0000000000000000
0x000000001ef2c320:   000000001ef2c6b0 0000000025c383c0
0x000000001ef2c330:   000000001ef2c7c0 000000006b191309
0x000000001ef2c340:   000000001ef2c6b0 000000001ef2c401
0x000000001ef2c350:   00000000ffffffff 0000000000000001
0x000000001ef2c360:   0000000000000006 0000000025c383c0
0x000000001ef2c370:   000000002c972920 000000002c974b90
0x000000001ef2c380:   000000002c97a908 00000000006b3f18
0x000000001ef2c390:   0000000000000006 000000002cf93600 

Instructions: (pc=0x000000006b18e344)
0x000000006b18e324:   00 49 c1 e6 03 0f 1f 80 00 00 00 00 48 8b 46 08
0x000000006b18e334:   49 8b 0c 06 49 8b 84 24 28 01 00 00 48 63 51 28
0x000000006b18e344:   8b 1c 90 85 db 0f 84 c0 01 00 00 45 84 c9 74 11
0x000000006b18e354:   45 3b c7 75 0c 48 8b 06 48 8b ce ff 90 e0 00 00 


Register to memory mapping:

RAX=0x00000000261f1af0 is an unknown value
RBX=0x0000000000000000 is an unknown value
RCX=0x000000002def4ee8 is an unknown value
RDX=0x000000006b3bed38 is an unknown value
RSP=0x000000001ef2c2a0 is pointing into the stack for thread: 0x000000001e369000
RBP=0xffffffffffffffff is an unknown value
RSI=0x000000002e4340f0 is an unknown value
RDI=0x0000000026280200 is an unknown value
R8 =0x00000000ffffffff is an unknown value
R9 =0x0000000000000001 is an unknown value
R10=0x000000000000005c is an unknown value
R11=0x0000000000000041 is an unknown value
R12=0x000000001ef2c6b0 is pointing into the stack for thread: 0x000000001e369000
R13=0x000000001e38cd48 is an unknown value
R14=0x0000000000000168 is an unknown value
R15=0x000000000000002d is an unknown value


Stack: [0x000000001ee30000,0x000000001ef30000],  sp=0x000000001ef2c2a0,  free space=1008k
Native frames: (J=compiled Java code, j=interpreted, Vv=VM code, C=native code)
V  [jvm.dll+0x46e344]
V  [jvm.dll+0x471309]
V  [jvm.dll+0x47c8eb]
V  [jvm.dll+0x47f1f7]
V  [jvm.dll+0x461992]
V  [jvm.dll+0xa6bf2]
V  [jvm.dll+0xa753f]
V  [jvm.dll+0x24685f]
V  [jvm.dll+0x2a001a]
C  [msvcr100.dll+0x21d9f]
C  [msvcr100.dll+0x21e3b]
C  [KERNEL32.DLL+0x17034]
C  [ntdll.dll+0x4d0d1]


Current CompileTask:
C2: 139962 6361   !   4       javafx.scene.CssStyleHelper::transitionToState (1075 bytes)


---------------  P R O C E S S  ---------------

Java Threads: ( => current thread )
  0x0000000025a20000 JavaThread "mysql-cj-abandoned-connection-cleanup" daemon [_thread_blocked, id=19244, stack(0x000000002bce0000,0x000000002bde0000)]
  0x000000001f852000 JavaThread "Prism Font Disposer" daemon [_thread_blocked, id=15904, stack(0x0000000028690000,0x0000000028790000)]
  0x000000001f384800 JavaThread "JavaFX-Launcher" [_thread_blocked, id=13388, stack(0x0000000024cb0000,0x0000000024db0000)]
  0x000000001f3b9800 JavaThread "Thread-2" daemon [_thread_in_native, id=7352, stack(0x0000000024bb0000,0x0000000024cb0000)]
  0x000000001f30d800 JavaThread "JavaFX Application Thread" [_thread_in_native, id=19688, stack(0x00000000200e0000,0x00000000201e0000)]
  0x000000001f2f7000 JavaThread "Thread-1" daemon [_thread_blocked, id=14516, stack(0x000000001ffe0000,0x00000000200e0000)]
  0x000000001f2de000 JavaThread "QuantumRenderer-0" daemon [_thread_blocked, id=15024, stack(0x000000001fbf0000,0x000000001fcf0000)]
  0x000000001e3d5000 JavaThread "Service Thread" daemon [_thread_blocked, id=22480, stack(0x000000001f030000,0x000000001f130000)]
  0x000000001e386000 JavaThread "C1 CompilerThread3" daemon [_thread_blocked, id=24152, stack(0x000000001ef30000,0x000000001f030000)]
=>0x000000001e369000 JavaThread "C2 CompilerThread2" daemon [_thread_in_native, id=23776, stack(0x000000001ee30000,0x000000001ef30000)]
  0x000000001e362000 JavaThread "C2 CompilerThread1" daemon [_thread_blocked, id=8456, stack(0x000000001ed30000,0x000000001ee30000)]
  0x000000001e35c800 JavaThread "C2 CompilerThread0" daemon [_thread_blocked, id=6968, stack(0x000000001ec30000,0x000000001ed30000)]
  0x000000001e35a000 JavaThread "Attach Listener" daemon [_thread_blocked, id=22064, stack(0x000000001eb30000,0x000000001ec30000)]
  0x000000001e359000 JavaThread "Signal Dispatcher" daemon [_thread_blocked, id=3064, stack(0x000000001ea30000,0x000000001eb30000)]
  0x000000001e351000 JavaThread "Finalizer" daemon [_thread_blocked, id=20676, stack(0x000000001e830000,0x000000001e930000)]
  0x000000001e350800 JavaThread "Reference Handler" daemon [_thread_blocked, id=23824, stack(0x000000001e730000,0x000000001e830000)]
  0x0000000002a52800 JavaThread "main" [_thread_blocked, id=21492, stack(0x0000000002950000,0x0000000002a50000)]

Other Threads:
  0x000000001c558800 VMThread [stack: 0x000000001e230000,0x000000001e330000] [id=21300]
  0x000000001e3d8800 WatcherThread [stack: 0x000000001f130000,0x000000001f230000] [id=4800]

VM state:not at safepoint (normal execution)

VM Mutex/Monitor currently owned by a thread: None

heap address: 0x00000006c1e00000, size: 4066 MB, Compressed Oops mode: Zero based, Oop shift amount: 3
Narrow klass base: 0x0000000000000000, Narrow klass shift: 3
Compressed class space size: 1073741824 Address: 0x00000007c0000000

Heap:
 PSYoungGen      total 76288K, used 16574K [0x000000076b500000, 0x0000000770a00000, 0x00000007c0000000)
  eden space 65536K, 8% used [0x000000076b500000,0x000000076bab3980,0x000000076f500000)
  from space 10752K, 99% used [0x000000076ff80000,0x00000007709fbea0,0x0000000770a00000)
  to   space 10752K, 0% used [0x000000076f500000,0x000000076f500000,0x000000076ff80000)
 ParOldGen       total 78848K, used 32973K [0x00000006c1e00000, 0x00000006c6b00000, 0x000000076b500000)
  object space 78848K, 41% used [0x00000006c1e00000,0x00000006c3e33558,0x00000006c6b00000)
 Metaspace       used 29772K, capacity 31750K, committed 31872K, reserved 1077248K
  class space    used 4057K, capacity 4423K, committed 4480K, reserved 1048576K

Card table byte_map: [0x0000000011f10000,0x0000000012710000] byte_map_base: 0x000000000e901000

Marking Bits: (ParMarkBitMap*) 0x000000006b54af90
 Begin Bits: [0x0000000013460000, 0x00000000173e8000)
 End Bits:   [0x00000000173e8000, 0x000000001b370000)

Polling page: 0x0000000001040000

CodeCache: size=245760Kb used=19888Kb max_used=19888Kb free=225871Kb
 bounds [0x0000000002b50000, 0x0000000003ee0000, 0x0000000011b50000]
 total_blobs=6476 nmethods=5657 adapters=730
 compilation: enabled

Compilation events (10 events):
Event: 139.269 Thread 0x000000001e386000 6357       3       com.sun.prism.impl.ps.BaseShaderGraphics::fillQuad (330 bytes)
Event: 139.269 Thread 0x000000001e35c800 6360       4       com.sun.javafx.geom.Rectangle::<init> (21 bytes)
Event: 139.269 Thread 0x000000001e386000 nmethod 6357 0x0000000003eccf90 code [0x0000000003ecd180, 0x0000000003ecdb88]
Event: 139.269 Thread 0x000000001e386000 6358       3       com.sun.javafx.sg.prism.NodeEffectInput::getImageBoundsForNode (101 bytes)
Event: 139.270 Thread 0x000000001e35c800 nmethod 6360 0x0000000003eaf5d0 code [0x0000000003eaf700, 0x0000000003eaf798]
Event: 139.270 Thread 0x000000001e362000 nmethod 6356 0x0000000003eba090 code [0x0000000003eba1e0, 0x0000000003eba298]
Event: 139.270 Thread 0x000000001e386000 nmethod 6358 0x0000000003ed16d0 code [0x0000000003ed18c0, 0x0000000003ed2088]
Event: 139.270 Thread 0x000000001e386000 6359       3       com.sun.javafx.sg.prism.NodeEffectInput::getImageDataForBoundedNode (137 bytes)
Event: 139.271 Thread 0x000000001e386000 nmethod 6359 0x0000000003ecfa90 code [0x0000000003ecfd20, 0x0000000003ed0e68]
Event: 139.825 Thread 0x000000001e369000 6361   !   4       javafx.scene.CssStyleHelper::transitionToState (1075 bytes)

GC Heap History (10 events):
Event: 2.922 GC heap before
{Heap before GC invocations=1 (full 0):
 PSYoungGen      total 76288K, used 56894K [0x000000076b500000, 0x0000000770a00000, 0x00000007c0000000)
  eden space 65536K, 86% used [0x000000076b500000,0x000000076ec8f970,0x000000076f500000)
  from space 10752K, 0% used [0x000000076ff80000,0x000000076ff80000,0x0000000770a00000)
  to   space 10752K, 0% used [0x000000076f500000,0x000000076f500000,0x000000076ff80000)
 ParOldGen       total 175104K, used 0K [0x00000006c1e00000, 0x00000006cc900000, 0x000000076b500000)
  object space 175104K, 0% used [0x00000006c1e00000,0x00000006c1e00000,0x00000006cc900000)
 Metaspace       used 19897K, capacity 21086K, committed 21248K, reserved 1067008K
  class space    used 2975K, capacity 3220K, committed 3328K, reserved 1048576K
Event: 2.928 GC heap after
Heap after GC invocations=1 (full 0):
 PSYoungGen      total 76288K, used 10728K [0x000000076b500000, 0x0000000770a00000, 0x00000007c0000000)
  eden space 65536K, 0% used [0x000000076b500000,0x000000076b500000,0x000000076f500000)
  from space 10752K, 99% used [0x000000076f500000,0x000000076ff7a220,0x000000076ff80000)
  to   space 10752K, 0% used [0x000000076ff80000,0x000000076ff80000,0x0000000770a00000)
 ParOldGen       total 175104K, used 2199K [0x00000006c1e00000, 0x00000006cc900000, 0x000000076b500000)
  object space 175104K, 1% used [0x00000006c1e00000,0x00000006c2025c28,0x00000006cc900000)
 Metaspace       used 19897K, capacity 21086K, committed 21248K, reserved 1067008K
  class space    used 2975K, capacity 3220K, committed 3328K, reserved 1048576K
}
Event: 2.928 GC heap before
{Heap before GC invocations=2 (full 1):
 PSYoungGen      total 76288K, used 10728K [0x000000076b500000, 0x0000000770a00000, 0x00000007c0000000)
  eden space 65536K, 0% used [0x000000076b500000,0x000000076b500000,0x000000076f500000)
  from space 10752K, 99% used [0x000000076f500000,0x000000076ff7a220,0x000000076ff80000)
  to   space 10752K, 0% used [0x000000076ff80000,0x000000076ff80000,0x0000000770a00000)
 ParOldGen       total 175104K, used 2199K [0x00000006c1e00000, 0x00000006cc900000, 0x000000076b500000)
  object space 175104K, 1% used [0x00000006c1e00000,0x00000006c2025c28,0x00000006cc900000)
 Metaspace       used 19897K, capacity 21086K, committed 21248K, reserved 1067008K
  class space    used 2975K, capacity 3220K, committed 3328K, reserved 1048576K
Event: 2.949 GC heap after
Heap after GC invocations=2 (full 1):
 PSYoungGen      total 76288K, used 0K [0x000000076b500000, 0x0000000770a00000, 0x00000007c0000000)
  eden space 65536K, 0% used [0x000000076b500000,0x000000076b500000,0x000000076f500000)
  from space 10752K, 0% used [0x000000076f500000,0x000000076f500000,0x000000076ff80000)
  to   space 10752K, 0% used [0x000000076ff80000,0x000000076ff80000,0x0000000770a00000)
 ParOldGen       total 78848K, used 10647K [0x00000006c1e00000, 0x00000006c6b00000, 0x000000076b500000)
  object space 78848K, 13% used [0x00000006c1e00000,0x00000006c2865d08,0x00000006c6b00000)
 Metaspace       used 19897K, capacity 21086K, committed 21248K, reserved 1067008K
  class space    used 2975K, capacity 3220K, committed 3328K, reserved 1048576K
}
Event: 17.696 GC heap before
{Heap before GC invocations=3 (full 1):
 PSYoungGen      total 76288K, used 65536K [0x000000076b500000, 0x0000000770a00000, 0x00000007c0000000)
  eden space 65536K, 100% used [0x000000076b500000,0x000000076f500000,0x000000076f500000)
  from space 10752K, 0% used [0x000000076f500000,0x000000076f500000,0x000000076ff80000)
  to   space 10752K, 0% used [0x000000076ff80000,0x000000076ff80000,0x0000000770a00000)
 ParOldGen       total 78848K, used 10647K [0x00000006c1e00000, 0x00000006c6b00000, 0x000000076b500000)
  object space 78848K, 13% used [0x00000006c1e00000,0x00000006c2865d08,0x00000006c6b00000)
 Metaspace       used 27802K, capacity 29548K, committed 29824K, reserved 1075200K
  class space    used 3782K, capacity 4112K, committed 4224K, reserved 1048576K
Event: 17.705 GC heap after
Heap after GC invocations=3 (full 1):
 PSYoungGen      total 76288K, used 10735K [0x000000076b500000, 0x0000000770a00000, 0x00000007c0000000)
  eden space 65536K, 0% used [0x000000076b500000,0x000000076b500000,0x000000076f500000)
  from space 10752K, 99% used [0x000000076ff80000,0x00000007709fbd48,0x0000000770a00000)
  to   space 10752K, 0% used [0x000000076f500000,0x000000076f500000,0x000000076ff80000)
 ParOldGen       total 78848K, used 13787K [0x00000006c1e00000, 0x00000006c6b00000, 0x000000076b500000)
  object space 78848K, 17% used [0x00000006c1e00000,0x00000006c2b76ea8,0x00000006c6b00000)
 Metaspace       used 27802K, capacity 29548K, committed 29824K, reserved 1075200K
  class space    used 3782K, capacity 4112K, committed 4224K, reserved 1048576K
}
Event: 31.971 GC heap before
{Heap before GC invocations=4 (full 1):
 PSYoungGen      total 76288K, used 76271K [0x000000076b500000, 0x0000000770a00000, 0x00000007c0000000)
  eden space 65536K, 100% used [0x000000076b500000,0x000000076f500000,0x000000076f500000)
  from space 10752K, 99% used [0x000000076ff80000,0x00000007709fbd48,0x0000000770a00000)
  to   space 10752K, 0% used [0x000000076f500000,0x000000076f500000,0x000000076ff80000)
 ParOldGen       total 78848K, used 13787K [0x00000006c1e00000, 0x00000006c6b00000, 0x000000076b500000)
  object space 78848K, 17% used [0x00000006c1e00000,0x00000006c2b76ea8,0x00000006c6b00000)
 Metaspace       used 28209K, capacity 29976K, committed 30080K, reserved 1075200K
  class space    used 3792K, capacity 4122K, committed 4224K, reserved 1048576K
Event: 31.981 GC heap after
Heap after GC invocations=4 (full 1):
 PSYoungGen      total 76288K, used 10751K [0x000000076b500000, 0x0000000770a00000, 0x00000007c0000000)
  eden space 65536K, 0% used [0x000000076b500000,0x000000076b500000,0x000000076f500000)
  from space 10752K, 99% used [0x000000076f500000,0x000000076ff7ff78,0x000000076ff80000)
  to   space 10752K, 0% used [0x000000076ff80000,0x000000076ff80000,0x0000000770a00000)
 ParOldGen       total 78848K, used 14755K [0x00000006c1e00000, 0x00000006c6b00000, 0x000000076b500000)
  object space 78848K, 18% used [0x00000006c1e00000,0x00000006c2c68ea8,0x00000006c6b00000)
 Metaspace       used 28209K, capacity 29976K, committed 30080K, reserved 1075200K
  class space    used 3792K, capacity 4122K, committed 4224K, reserved 1048576K
}
Event: 131.998 GC heap before
{Heap before GC invocations=5 (full 1):
 PSYoungGen      total 76288K, used 76287K [0x000000076b500000, 0x0000000770a00000, 0x00000007c0000000)
  eden space 65536K, 100% used [0x000000076b500000,0x000000076f500000,0x000000076f500000)
  from space 10752K, 99% used [0x000000076f500000,0x000000076ff7ff78,0x000000076ff80000)
  to   space 10752K, 0% used [0x000000076ff80000,0x000000076ff80000,0x0000000770a00000)
 ParOldGen       total 78848K, used 14755K [0x00000006c1e00000, 0x00000006c6b00000, 0x000000076b500000)
  object space 78848K, 18% used [0x00000006c1e00000,0x00000006c2c68ea8,0x00000006c6b00000)
 Metaspace       used 29746K, capacity 31750K, committed 31872K, reserved 1077248K
  class space    used 4057K, capacity 4423K, committed 4480K, reserved 1048576K
Event: 132.013 GC heap after
Heap after GC invocations=5 (full 1):
 PSYoungGen      total 76288K, used 10735K [0x000000076b500000, 0x0000000770a00000, 0x00000007c0000000)
  eden space 65536K, 0% used [0x000000076b500000,0x000000076b500000,0x000000076f500000)
  from space 10752K, 99% used [0x000000076ff80000,0x00000007709fbea0,0x0000000770a00000)
  to   space 10752K, 0% used [0x000000076f500000,0x000000076f500000,0x000000076ff80000)
 ParOldGen       total 78848K, used 32973K [0x00000006c1e00000, 0x00000006c6b00000, 0x000000076b500000)
  object space 78848K, 41% used [0x00000006c1e00000,0x00000006c3e33558,0x00000006c6b00000)
 Metaspace       used 29746K, capacity 31750K, committed 31872K, reserved 1077248K
  class space    used 4057K, capacity 4423K, committed 4480K, reserved 1048576K
}

Deoptimization events (10 events):
Event: 127.456 Thread 0x000000001f2de000 Uncommon trap: reason=unstable_if action=reinterpret pc=0x00000000039e22a8 method=com.sun.javafx.sg.prism.NGNode.getCompleteBounds(Lcom/sun/javafx/geom/BaseBounds;Lcom/sun/javafx/geom/transform/BaseTransform;)Lcom/sun/javafx/geom/BaseBounds; @ 4
Event: 127.457 Thread 0x000000001f2de000 Uncommon trap: reason=unstable_if action=reinterpret pc=0x0000000002fd6a14 method=com.sun.javafx.sg.prism.NGRegion.renderBackgroundRectangleFromCache(Lcom/sun/prism/Graphics;Lcom/sun/prism/RTTexture;Lcom/sun/javafx/geom/Rectangle;IIDDDDIIII)V @ 177
Event: 127.459 Thread 0x000000001f2de000 Uncommon trap: reason=unstable_if action=reinterpret pc=0x0000000003a8c3a4 method=com.sun.prism.impl.ps.BaseShaderContext.getPaintShader(ZLcom/sun/prism/impl/ps/BaseShaderContext$MaskType;Lcom/sun/prism/paint/Paint;)Lcom/sun/prism/ps/Shader; @ 33
Event: 127.460 Thread 0x000000001f2de000 Uncommon trap: reason=speculate_class_check action=maybe_recompile pc=0x0000000003c31d98 method=java.util.HashMap.removeNode(ILjava/lang/Object;Ljava/lang/Object;ZZ)Ljava/util/HashMap$Node; @ 283
Event: 127.460 Thread 0x000000001f2de000 Uncommon trap: reason=speculate_class_check action=maybe_recompile pc=0x0000000003c31d98 method=java.util.HashMap.removeNode(ILjava/lang/Object;Ljava/lang/Object;ZZ)Ljava/util/HashMap$Node; @ 283
Event: 127.824 Thread 0x000000001f30d800 Uncommon trap: reason=unstable_if action=reinterpret pc=0x0000000003c79fd0 method=javafx.scene.layout.BorderWidths.equals(Ljava/lang/Object;)Z @ 2
Event: 127.824 Thread 0x000000001f30d800 Uncommon trap: reason=unstable_if action=reinterpret pc=0x0000000002c5d458 method=javafx.scene.layout.BorderWidths.equals(Ljava/lang/Object;)Z @ 2
Event: 127.891 Thread 0x000000001f30d800 Uncommon trap: reason=unstable_if action=reinterpret pc=0x0000000003b0c3e0 method=com.sun.javafx.event.EventDispatchChainImpl.ensureCapacity(I)V @ 28
Event: 132.019 Thread 0x000000001f30d800 Uncommon trap: reason=null_check action=make_not_entrant pc=0x0000000003e930b0 method=javafx.scene.layout.Region$4.invalidated()V @ 4
Event: 132.024 Thread 0x000000001f2de000 Uncommon trap: reason=unstable_if action=reinterpret pc=0x0000000003e7bce0 method=com.sun.scenario.effect.impl.ImagePool.checkOut(Lcom/sun/scenario/effect/impl/Renderer;II)Lcom/sun/scenario/effect/impl/PoolFilterable; @ 165

Classes redefined (0 events):
No events

Internal exceptions (10 events):
Event: 30.950 Thread 0x000000001f30d800 Implicit null exception at 0x0000000002c73fb5 to 0x0000000002c74113
Event: 30.957 Thread 0x000000001f30d800 Implicit null exception at 0x0000000002ccbb1d to 0x0000000002ccc351
Event: 124.110 Thread 0x000000001f30d800 Implicit null exception at 0x0000000003c35ab5 to 0x0000000003c36fa1
Event: 124.117 Thread 0x000000001f30d800 Implicit null exception at 0x0000000003c32433 to 0x0000000003c325ed
Event: 124.170 Thread 0x000000001f30d800 Implicit null exception at 0x0000000003ba9fa4 to 0x0000000003baa645
Event: 124.348 Thread 0x000000001f30d800 Implicit null exception at 0x0000000002f007ff to 0x0000000002f008d1
Event: 124.422 Thread 0x000000001f30d800 Implicit null exception at 0x0000000003c4f302 to 0x0000000003c520e9
Event: 124.422 Thread 0x000000001f30d800 Implicit null exception at 0x0000000002d8407e to 0x0000000002d853c9
Event: 127.459 Thread 0x000000001f2de000 Implicit null exception at 0x0000000003a89f57 to 0x0000000003a8c339
Event: 132.019 Thread 0x000000001f30d800 Implicit null exception at 0x0000000003e8cc5b to 0x0000000003e9302d

Events (10 events):
Event: 131.998 Executing VM operation: ParallelGCFailedAllocation
Event: 132.013 Executing VM operation: ParallelGCFailedAllocation done
Event: 132.013 Executing VM operation: RevokeBias
Event: 132.013 Executing VM operation: RevokeBias done
Event: 132.019 Thread 0x000000001f30d800 Uncommon trap: trap_request=0xfffffff4 fr.pc=0x0000000003e930b0
Event: 132.019 Thread 0x000000001f30d800 DEOPT PACKING pc=0x0000000003e930b0 sp=0x00000000201dcef0
Event: 132.019 Thread 0x000000001f30d800 DEOPT UNPACKING pc=0x0000000002b9583b sp=0x00000000201dccd8 mode 2
Event: 132.024 Thread 0x000000001f2de000 Uncommon trap: trap_request=0xffffff65 fr.pc=0x0000000003e7bce0
Event: 132.024 Thread 0x000000001f2de000 DEOPT PACKING pc=0x0000000003e7bce0 sp=0x000000001fcea8b0
Event: 132.024 Thread 0x000000001f2de000 DEOPT UNPACKING pc=0x0000000002b9583b sp=0x000000001fcea868 mode 2


Dynamic libraries:
0x00007ff7692e0000 - 0x00007ff769317000 	C:\Program Files\Java\jdk1.8.0_251\bin\javaw.exe
0x00007fff2e450000 - 0x00007fff2e646000 	C:\WINDOWS\SYSTEM32\ntdll.dll
0x00007fff2d4b0000 - 0x00007fff2d56d000 	C:\WINDOWS\System32\KERNEL32.DLL
0x00007fff2c0a0000 - 0x00007fff2c369000 	C:\WINDOWS\System32\KERNELBASE.dll
0x00007fff2d650000 - 0x00007fff2d6fc000 	C:\WINDOWS\System32\ADVAPI32.dll
0x00007fff2d410000 - 0x00007fff2d4ae000 	C:\WINDOWS\System32\msvcrt.dll
0x00007fff2e1e0000 - 0x00007fff2e27c000 	C:\WINDOWS\System32\sechost.dll
0x00007fff2e0b0000 - 0x00007fff2e1db000 	C:\WINDOWS\System32\RPCRT4.dll
0x00007fff2c610000 - 0x00007fff2c7b0000 	C:\WINDOWS\System32\USER32.dll
0x00007fff2c070000 - 0x00007fff2c092000 	C:\WINDOWS\System32\win32u.dll
0x00007fff2e330000 - 0x00007fff2e35a000 	C:\WINDOWS\System32\GDI32.dll
0x00007fff2c3a0000 - 0x00007fff2c4a9000 	C:\WINDOWS\System32\gdi32full.dll
0x00007fff2bb90000 - 0x00007fff2bc2d000 	C:\WINDOWS\System32\msvcp_win.dll
0x00007fff2be10000 - 0x00007fff2bf10000 	C:\WINDOWS\System32\ucrtbase.dll
0x00007fff13e60000 - 0x00007fff140fb000 	C:\WINDOWS\WinSxS\amd64_microsoft.windows.common-controls_6595b64144ccf1df_6.0.19041.488_none_ca04af081b815d21\COMCTL32.dll
0x00007fff2c4b0000 - 0x00007fff2c4e0000 	C:\WINDOWS\System32\IMM32.DLL
0x000000006c4f0000 - 0x000000006c5c2000 	C:\Program Files\Java\jdk1.8.0_251\jre\bin\msvcr100.dll
0x000000006ad20000 - 0x000000006b5cb000 	C:\Program Files\Java\jdk1.8.0_251\jre\bin\server\jvm.dll
0x00007fff2dc20000 - 0x00007fff2dc28000 	C:\WINDOWS\System32\PSAPI.DLL
0x00007fff1a180000 - 0x00007fff1a189000 	C:\WINDOWS\SYSTEM32\WSOCK32.dll
0x00007fff16cf0000 - 0x00007fff16d17000 	C:\WINDOWS\SYSTEM32\WINMM.dll
0x00007fff2db50000 - 0x00007fff2dbbb000 	C:\WINDOWS\System32\WS2_32.dll
0x00007fff26c20000 - 0x00007fff26c2a000 	C:\WINDOWS\SYSTEM32\VERSION.dll
0x00007fff1d4b0000 - 0x00007fff1d4bf000 	C:\Program Files\Java\jdk1.8.0_251\jre\bin\verify.dll
0x00007fff19d00000 - 0x00007fff19d29000 	C:\Program Files\Java\jdk1.8.0_251\jre\bin\java.dll
0x00007fff19dd0000 - 0x00007fff19de6000 	C:\Program Files\Java\jdk1.8.0_251\jre\bin\zip.dll
0x00007fff2ccc0000 - 0x00007fff2d402000 	C:\WINDOWS\System32\SHELL32.dll
0x00007fff29d00000 - 0x00007fff2a495000 	C:\WINDOWS\SYSTEM32\windows.storage.dll
0x00007fff2d7f0000 - 0x00007fff2db46000 	C:\WINDOWS\System32\combase.dll
0x00007fff2b530000 - 0x00007fff2b55c000 	C:\WINDOWS\SYSTEM32\Wldp.dll
0x00007fff2e360000 - 0x00007fff2e40e000 	C:\WINDOWS\System32\SHCORE.dll
0x00007fff2d570000 - 0x00007fff2d5c5000 	C:\WINDOWS\System32\shlwapi.dll
0x00007fff2bac0000 - 0x00007fff2bae6000 	C:\WINDOWS\SYSTEM32\profapi.dll
0x0000000001080000 - 0x0000000001083000 	C:\Program Files\Java\jdk1.8.0_251\jre\bin\api-ms-win-core-console-l1-1-0.dll
0x0000000001090000 - 0x0000000001093000 	C:\Program Files\Java\jdk1.8.0_251\jre\bin\api-ms-win-core-datetime-l1-1-0.dll
0x00000000028a0000 - 0x00000000028a3000 	C:\Program Files\Java\jdk1.8.0_251\jre\bin\api-ms-win-core-debug-l1-1-0.dll
0x00000000028b0000 - 0x00000000028b3000 	C:\Program Files\Java\jdk1.8.0_251\jre\bin\api-ms-win-core-errorhandling-l1-1-0.dll
0x00000000028c0000 - 0x00000000028c4000 	C:\Program Files\Java\jdk1.8.0_251\jre\bin\api-ms-win-core-file-l1-1-0.dll
0x00000000028d0000 - 0x00000000028d3000 	C:\Program Files\Java\jdk1.8.0_251\jre\bin\api-ms-win-core-file-l1-2-0.dll
0x00000000028e0000 - 0x00000000028e3000 	C:\Program Files\Java\jdk1.8.0_251\jre\bin\api-ms-win-core-file-l2-1-0.dll
0x00000000028f0000 - 0x00000000028f3000 	C:\Program Files\Java\jdk1.8.0_251\jre\bin\api-ms-win-core-handle-l1-1-0.dll
0x0000000002900000 - 0x0000000002903000 	C:\Program Files\Java\jdk1.8.0_251\jre\bin\api-ms-win-core-heap-l1-1-0.dll
0x0000000002910000 - 0x0000000002913000 	C:\Program Files\Java\jdk1.8.0_251\jre\bin\api-ms-win-core-interlocked-l1-1-0.dll
0x0000000002920000 - 0x0000000002923000 	C:\Program Files\Java\jdk1.8.0_251\jre\bin\api-ms-win-core-libraryloader-l1-1-0.dll
0x0000000002930000 - 0x0000000002933000 	C:\Program Files\Java\jdk1.8.0_251\jre\bin\api-ms-win-core-localization-l1-2-0.dll
0x000000001fa30000 - 0x000000001fa33000 	C:\Program Files\Java\jdk1.8.0_251\jre\bin\api-ms-win-core-memory-l1-1-0.dll
0x000000001fa40000 - 0x000000001fa43000 	C:\Program Files\Java\jdk1.8.0_251\jre\bin\api-ms-win-core-namedpipe-l1-1-0.dll
0x000000001fa50000 - 0x000000001fa53000 	C:\Program Files\Java\jdk1.8.0_251\jre\bin\api-ms-win-core-processenvironment-l1-1-0.dll
0x000000001fa60000 - 0x000000001fa63000 	C:\Program Files\Java\jdk1.8.0_251\jre\bin\api-ms-win-core-processthreads-l1-1-0.dll
0x000000001fa70000 - 0x000000001fa73000 	C:\Program Files\Java\jdk1.8.0_251\jre\bin\api-ms-win-core-processthreads-l1-1-1.dll
0x000000001fa80000 - 0x000000001fa83000 	C:\Program Files\Java\jdk1.8.0_251\jre\bin\api-ms-win-core-profile-l1-1-0.dll
0x000000001fa90000 - 0x000000001fa93000 	C:\Program Files\Java\jdk1.8.0_251\jre\bin\api-ms-win-core-rtlsupport-l1-1-0.dll
0x000000001faa0000 - 0x000000001faa3000 	C:\Program Files\Java\jdk1.8.0_251\jre\bin\api-ms-win-core-string-l1-1-0.dll
0x000000001fab0000 - 0x000000001fab3000 	C:\Program Files\Java\jdk1.8.0_251\jre\bin\api-ms-win-core-synch-l1-1-0.dll
0x000000001fac0000 - 0x000000001fac3000 	C:\Program Files\Java\jdk1.8.0_251\jre\bin\api-ms-win-core-synch-l1-2-0.dll
0x000000001fad0000 - 0x000000001fad3000 	C:\Program Files\Java\jdk1.8.0_251\jre\bin\api-ms-win-core-sysinfo-l1-1-0.dll
0x000000001fae0000 - 0x000000001fae3000 	C:\Program Files\Java\jdk1.8.0_251\jre\bin\api-ms-win-core-timezone-l1-1-0.dll
0x000000001faf0000 - 0x000000001faf3000 	C:\Program Files\Java\jdk1.8.0_251\jre\bin\api-ms-win-core-util-l1-1-0.dll
0x000000001fb00000 - 0x000000001fb03000 	C:\Program Files\Java\jdk1.8.0_251\jre\bin\api-ms-win-crt-conio-l1-1-0.dll
0x000000001fb10000 - 0x000000001fb14000 	C:\Program Files\Java\jdk1.8.0_251\jre\bin\api-ms-win-crt-convert-l1-1-0.dll
0x000000001fb20000 - 0x000000001fb23000 	C:\Program Files\Java\jdk1.8.0_251\jre\bin\api-ms-win-crt-environment-l1-1-0.dll
0x000000001fb30000 - 0x000000001fb33000 	C:\Program Files\Java\jdk1.8.0_251\jre\bin\api-ms-win-crt-filesystem-l1-1-0.dll
0x000000001fb40000 - 0x000000001fb43000 	C:\Program Files\Java\jdk1.8.0_251\jre\bin\api-ms-win-crt-heap-l1-1-0.dll
0x000000001fb50000 - 0x000000001fb53000 	C:\Program Files\Java\jdk1.8.0_251\jre\bin\api-ms-win-crt-locale-l1-1-0.dll
0x000000001fb60000 - 0x000000001fb65000 	C:\Program Files\Java\jdk1.8.0_251\jre\bin\api-ms-win-crt-math-l1-1-0.dll
0x000000001fb70000 - 0x000000001fb75000 	C:\Program Files\Java\jdk1.8.0_251\jre\bin\api-ms-win-crt-multibyte-l1-1-0.dll
0x000000001fb80000 - 0x000000001fb90000 	C:\Program Files\Java\jdk1.8.0_251\jre\bin\api-ms-win-crt-private-l1-1-0.dll
0x000000001fb90000 - 0x000000001fb93000 	C:\Program Files\Java\jdk1.8.0_251\jre\bin\api-ms-win-crt-process-l1-1-0.dll
0x000000001fba0000 - 0x000000001fba4000 	C:\Program Files\Java\jdk1.8.0_251\jre\bin\api-ms-win-crt-runtime-l1-1-0.dll
0x000000001fbb0000 - 0x000000001fbb4000 	C:\Program Files\Java\jdk1.8.0_251\jre\bin\api-ms-win-crt-stdio-l1-1-0.dll
0x000000001fbc0000 - 0x000000001fbc4000 	C:\Program Files\Java\jdk1.8.0_251\jre\bin\api-ms-win-crt-string-l1-1-0.dll
0x000000001fbd0000 - 0x000000001fbd3000 	C:\Program Files\Java\jdk1.8.0_251\jre\bin\api-ms-win-crt-time-l1-1-0.dll
0x000000001fbe0000 - 0x000000001fbe3000 	C:\Program Files\Java\jdk1.8.0_251\jre\bin\api-ms-win-crt-utility-l1-1-0.dll
0x00007ffee28d0000 - 0x00007ffee29cc000 	C:\Program Files\Java\jdk1.8.0_251\jre\bin\ucrtbase.dll
0x00007fff18f50000 - 0x00007fff18f65000 	C:\Program Files\Java\jdk1.8.0_251\jre\bin\vcruntime140.dll
0x00007fff07230000 - 0x00007fff072cb000 	C:\Program Files\Java\jdk1.8.0_251\jre\bin\msvcp140.dll
0x00007fff11d30000 - 0x00007fff11d81000 	C:\Program Files\Java\jdk1.8.0_251\jre\bin\concrt140.dll
0x00007fff18b80000 - 0x00007fff18ba3000 	C:\Program Files\Java\jdk1.8.0_251\jre\bin\prism_d3d.dll
0x00007ffee1e90000 - 0x00007ffee205f000 	C:\WINDOWS\system32\d3d9.dll
0x00007fff29b00000 - 0x00007fff29b12000 	C:\WINDOWS\SYSTEM32\kernel.appcore.dll
0x00007fff298f0000 - 0x00007fff2991f000 	C:\WINDOWS\SYSTEM32\dwmapi.dll
0x00007fff29640000 - 0x00007fff296de000 	C:\WINDOWS\system32\uxtheme.dll
0x00007ffed9040000 - 0x00007ffed91a3000 	C:\WINDOWS\System32\DriverStore\FileRepository\iigd_dch.inf_amd64_a086f01cc7be643a\igdumdim64.dll
0x00007ffeb5d10000 - 0x00007ffeb9714000 	C:\WINDOWS\System32\DriverStore\FileRepository\iigd_dch.inf_amd64_a086f01cc7be643a\igd9dxva64.dll
0x00007fff2c4e0000 - 0x00007fff2c60a000 	C:\WINDOWS\System32\ole32.dll
0x00007fff2cb90000 - 0x00007fff2cc5d000 	C:\WINDOWS\System32\OLEAUT32.dll
0x00007fff2dc30000 - 0x00007fff2e097000 	C:\WINDOWS\System32\SETUPAPI.dll
0x00007fff2bc30000 - 0x00007fff2bc7e000 	C:\WINDOWS\System32\cfgmgr32.dll
0x00007fff2c370000 - 0x00007fff2c397000 	C:\WINDOWS\System32\bcrypt.dll
0x00007fff1d8f0000 - 0x00007fff1db2f000 	C:\WINDOWS\System32\DriverStore\FileRepository\iigd_dch.inf_amd64_a086f01cc7be643a\igdgmm64.dll
0x00007fff11c80000 - 0x00007fff11cc5000 	C:\Program Files\Java\jdk1.8.0_251\jre\bin\glass.dll
0x00007fff2d700000 - 0x00007fff2d7db000 	C:\WINDOWS\System32\COMDLG32.dll
0x00007fff2c8a0000 - 0x00007fff2c9b6000 	C:\WINDOWS\System32\MSCTF.dll
0x00007fff2bd30000 - 0x00007fff2bdb0000 	C:\WINDOWS\System32\bcryptPrimitives.dll
0x00007fff0bbe0000 - 0x00007fff0bc07000 	C:\WINDOWS\System32\DriverStore\FileRepository\iigd_dch.inf_amd64_a086f01cc7be643a\igdinfo64.dll
0x00007fff1a780000 - 0x00007fff1d3e2000 	C:\WINDOWS\System32\DriverStore\FileRepository\iigd_dch.inf_amd64_a086f01cc7be643a\igc64.dll
0x00007fff263a0000 - 0x00007fff263db000 	C:\WINDOWS\SYSTEM32\dxcore.dll
0x00007fff18ed0000 - 0x00007fff18ee4000 	C:\Program Files\Java\jdk1.8.0_251\jre\bin\javafx_font.dll
0x00007fff15f80000 - 0x00007fff161ff000 	C:\WINDOWS\SYSTEM32\dwrite.dll
0x00007fff2e280000 - 0x00007fff2e329000 	C:\WINDOWS\System32\clbcatq.dll
0x00007fff23c80000 - 0x00007fff23e34000 	C:\WINDOWS\SYSTEM32\WindowsCodecs.dll
0x00007fff06070000 - 0x00007fff060ae000 	C:\WINDOWS\system32\dataexchange.dll
0x00007fff28060000 - 0x00007fff282c4000 	C:\WINDOWS\system32\d3d11.dll
0x00007fff28890000 - 0x00007fff28a77000 	C:\WINDOWS\system32\dcomp.dll
0x00007fff2a4e0000 - 0x00007fff2a5d3000 	C:\WINDOWS\system32\dxgi.dll
0x00007fff25e60000 - 0x00007fff26068000 	C:\WINDOWS\system32\twinapi.appcore.dll
0x00007fff11ba0000 - 0x00007fff11bd4000 	C:\Program Files\Common Files\Microsoft Shared\Ink\rtscom.dll
0x00007fff23fe0000 - 0x00007fff240dd000 	C:\WINDOWS\SYSTEM32\textinputframework.dll
0x00007fff28f00000 - 0x00007fff2925e000 	C:\WINDOWS\System32\CoreUIComponents.dll
0x00007fff28e00000 - 0x00007fff28ef2000 	C:\WINDOWS\System32\CoreMessaging.dll
0x00007fff2a8d0000 - 0x00007fff2a903000 	C:\WINDOWS\SYSTEM32\ntmarta.dll
0x00007fff27960000 - 0x00007fff27ab6000 	C:\WINDOWS\SYSTEM32\wintypes.dll
0x00007fff11c30000 - 0x00007fff11c41000 	C:\Program Files\Java\jdk1.8.0_251\jre\bin\prism_common.dll
0x00007fff282d0000 - 0x00007fff28890000 	C:\WINDOWS\SYSTEM32\d2d1.dll
0x00007fff207a0000 - 0x00007fff20e96000 	C:\WINDOWS\SYSTEM32\D3D10Warp.dll
0x00007fff11b80000 - 0x00007fff11b9a000 	C:\Program Files\Java\jdk1.8.0_251\jre\bin\net.dll
0x00007fff2b2b0000 - 0x00007fff2b31a000 	C:\WINDOWS\system32\mswsock.dll
0x00007fff2afe0000 - 0x00007fff2b0ab000 	C:\WINDOWS\SYSTEM32\DNSAPI.dll
0x00007fff2afa0000 - 0x00007fff2afdb000 	C:\WINDOWS\SYSTEM32\IPHLPAPI.DLL
0x00007fff2e0a0000 - 0x00007fff2e0a8000 	C:\WINDOWS\System32\NSI.dll
0x00007fff23c10000 - 0x00007fff23c1a000 	C:\Windows\System32\rasadhlp.dll
0x00007fff23360000 - 0x00007fff233df000 	C:\WINDOWS\System32\fwpuclnt.dll
0x00007fff11b50000 - 0x00007fff11b74000 	C:\Program Files\Java\jdk1.8.0_251\jre\bin\sunec.dll
0x00007fff24240000 - 0x00007fff24257000 	C:\WINDOWS\SYSTEM32\dhcpcsvc6.DLL
0x00007fff24860000 - 0x00007fff2487d000 	C:\WINDOWS\SYSTEM32\dhcpcsvc.DLL
0x00007fff11a60000 - 0x00007fff11a72000 	C:\Program Files\Java\jdk1.8.0_251\jre\bin\nio.dll
0x00007fff2b490000 - 0x00007fff2b4a8000 	C:\WINDOWS\SYSTEM32\CRYPTSP.dll
0x00007fff2ac40000 - 0x00007fff2ac74000 	C:\WINDOWS\system32\rsaenh.dll

VM Arguments:
jvm_args: -Dfile.encoding=Cp1252 
java_command: com.ecsail.main.Main
java_class_path (initial): C:\Users\pcame\git\ECSC\target\classes;C:\Users\pcame\.m2\repository\mysql\mysql-connector-java\8.0.19\mysql-connector-java-8.0.19.jar;C:\Users\pcame\.m2\repository\com\google\protobuf\protobuf-java\3.6.1\protobuf-java-3.6.1.jar;C:\Users\pcame\.m2\repository\com\itextpdf\barcodes\7.1.13\barcodes-7.1.13.jar;C:\Users\pcame\.m2\repository\com\itextpdf\font-asian\7.1.13\font-asian-7.1.13.jar;C:\Users\pcame\.m2\repository\com\itextpdf\forms\7.1.13\forms-7.1.13.jar;C:\Users\pcame\.m2\repository\com\itextpdf\hyph\7.1.13\hyph-7.1.13.jar;C:\Users\pcame\.m2\repository\com\itextpdf\io\7.1.13\io-7.1.13.jar;C:\Users\pcame\.m2\repository\com\itextpdf\kernel\7.1.13\kernel-7.1.13.jar;C:\Users\pcame\.m2\repository\org\bouncycastle\bcpkix-jdk15on\1.64\bcpkix-jdk15on-1.64.jar;C:\Users\pcame\.m2\repository\org\bouncycastle\bcprov-jdk15on\1.64\bcprov-jdk15on-1.64.jar;C:\Users\pcame\.m2\repository\com\itextpdf\pdfa\7.1.13\pdfa-7.1.13.jar;C:\Users\pcame\.m2\repository\com\itextpdf\sign\7.1.13\sign-7.1.13.jar;C:\Users\pcame\.m2\repository\com\itextpdf\styled-xml-parser\7.1.13\styled-xml-parser-7.1.13.jar;C:\Users\pcame\.m2\repository\com\itextpdf\svg\7.1.13\svg-7.1.13.jar;C:\Users\pcame\.m2\repository\com\itextpdf\layout\7.1.13\layout-7.1.13.jar;C:\Users\pcame\.m2\repository\org\slf4j\slf4j-api\1.7.13\slf4j-api-1.7.13.jar;C:\Users\pcame\.m2\repository\org\apache\poi\poi\4.1.2\poi-4.1.2.jar;C:\Users\pcame\.m2\repository\commons-codec\commons-codec\1.13\commons-codec-1.13.jar;C:\Users\pcame\.m2\repository\org\apache\commons\commons-collections4\4.4\commons-collections4-4.4.jar;C:\Users\pcame\.m2\repository\org\apache\commons\commons-math3\3.6.1\commons-math3-3.6.1.jar;C:\Users\pcame\.m2\repository\com\zaxxer\SparseBitSet\1.2\SparseBitSet-1.2.jar;C:\Users\pcame\.m2\repository\org\apache\poi\poi-ooxml\4.1.2\poi-ooxml-4.1.2.jar;C:\Users\pcame\.m2\repository\org\apache\poi\poi-ooxml-schemas\4.1.2\poi-ooxml-schemas-4.1.2.jar;C:\Users\pcame\.m2\repository\org\apache\xm
Launcher Type: SUN_STANDARD

Environment Variables:
PATH=C:/Program Files/Java/jre1.8.0_251/bin/server;C:/Program Files/Java/jre1.8.0_251/bin;C:/Program Files/Java/jre1.8.0_251/lib/amd64;C:\Program Files (x86)\Common Files\Oracle\Java\javapath;C:\WINDOWS\system32;C:\WINDOWS;C:\WINDOWS\System32\Wbem;C:\WINDOWS\System32\WindowsPowerShell\v1.0\;C:\WINDOWS\System32\OpenSSH\;C:\Program Files\dotnet\;C:\Program Files\LLVM\bin;C:\Program Files\PuTTY\;C:\Program Files\Git\cmd;C:\Users\pcame\AppData\Local\Microsoft\WindowsApps;C:\Users\pcame\AppData\Local\atom\bin;C:\Users\pcame\AppData\Local\GitHubDesktop\bin;C:\Users\pcame\AppData\Local\Programs\Microsoft VS Code\bin;C:\Program Files (x86)\Nmap;C:\Users\pcame\AppData\Local\Microsoft\WindowsApps;C:\Program Files\Inkscape\bin;C:\Users\pcame\Desktop;
USERNAME=pcame
OS=Windows_NT
PROCESSOR_IDENTIFIER=Intel64 Family 6 Model 142 Stepping 10, GenuineIntel



---------------  S Y S T E M  ---------------

OS: Windows 10.0 , 64 bit Build 19041 (10.0.19041.662)

CPU:total 8 (initial active 8) (4 cores per cpu, 2 threads per core) family 6 model 142 stepping 10, cmov, cx8, fxsr, mmx, sse, sse2, sse3, ssse3, sse4.1, sse4.2, popcnt, avx, avx2, aes, clmul, erms, rtm, 3dnowpref, lzcnt, ht, tsc, tscinvbit, bmi1, bmi2, adx

Memory: 4k page, physical 16646288k(8486444k free), swap 19136656k(7392296k free)

vm_info: Java HotSpot(TM) 64-Bit Server VM (25.251-b08) for windows-amd64 JRE (1.8.0_251-b08), built on Mar 12 2020 06:31:49 by "" with MS VC++ 10.0 (VS2010)

time: Fri Jan 01 15:18:18 2021
timezone: US Eastern Standard Time
elapsed time: 139 seconds (0d 0h 2m 19s)

