#
# A fatal error has been detected by the Java Runtime Environment:
#
#  SIGSEGV (0xb) at pc=0x0000000108afe498, pid=86835, tid=0x0000000000000103
#
# JRE version: OpenJDK Runtime Environment (8.0_282-b08) (build 1.8.0_282-b08)
# Java VM: OpenJDK 64-Bit Server VM (25.282-b08 mixed mode bsd-aarch64 compressed oops)
# Problematic frame:
# J 3054 C2 com.sun.crypto.provider.AESCrypt.implEncryptBlock([BI[BI)V (953 bytes) @ 0x0000000108afe498 [0x0000000108afe480+0x18]
#
# Failed to write core dump. Core dumps have been disabled. To enable core dumping, try "ulimit -c unlimited" before starting Java again
#
# If you would like to submit a bug report, please visit:
#   http://bugreport.java.com/bugreport/crash.jsp
#

---------------  T H R E A D  ---------------

Current thread (0x00000001451e3000):  JavaThread "JavaFX Application Thread" [_thread_in_Java, id=259, stack(0x000000016afa4000,0x000000016cfa4000)]

siginfo: si_signo: 11 (SIGSEGV), si_code: 2 (SEGV_ACCERR), si_addr: 0x000000016c7a7f80

Registers:
 x0=0x000000076cda3bf0  x1=0x00000006c3f84960  x2=0x000000076cda39d0  x3=0x0000000000000000
 x4=0x000000076cda3bf0  x5=0x0000000000000000  x6=0x0000000000000034  x7=0x000000076cda39b0
 x8=0x00000000000000ac  x9=0xffffffffffff0000 x10=0x000000000000000f x11=0x0000000000000000
x12=0x0000000000000030 x13=0x0000000000000004 x14=0x0000000000000044 x15=0x0000000000000000
x16=0x0000000000000034 x17=0x0000000000000000 x18=0x000000076cda3af0 x19=0x0000000000000000
x20=0x0000000000000001 x21=0x0000000000000010 x22=0x0000000000000034 x23=0x0000000000000010
x24=0x000000076cda3be0 x25=0x0000000000000000 x26=0x000000076cda3b48 x27=0x0000000000000000
x28=0x00000001451e3000  fp=0x000000016cf6ae50  lr=0x00000001094bb94c  sp=0x000000016c7b7f80
pc=0x0000000108afe498 cpsr=0x0000000080000000
Top of Stack: (sp=0x000000016c7b7f80)
0x000000016c7b7f80:   000000076cda3af0 0000004400000000
0x000000016c7b7f90:   000000076cda3b48 000000076cda39b0
0x000000016c7b7fa0:   0000000100000034 000000076cda3bf0
0x000000016c7b7fb0:   0000000000000034 0000000000000044
0x000000016c7b7fc0:   0000000000000000 0000003400000000
0x000000016c7b7fd0:   0000000400000000 0000000300000030
0x000000016c7b7fe0:   0000000000000000 000000000000000f
0x000000016c7b7ff0:   000000076cda2a98 000000380000003c
0x000000016c7b8000:   000000016cf6ae50 000000010951fa84
0x000000016c7b8010:   0000001000000044 0000001000000044
0x000000016c7b8020:   000000076cda3af0 000000076cda3bd0
0x000000016c7b8030:   000000076cda3be0 0000001000000034
0x000000016c7b8040:   000000076cda2a38 000000076cda2a58
0x000000016c7b8050:   0000000100000010 000000006cda2a98
0x000000016c7b8060:   00000006c3f84910 0000004400000001
0x000000016c7b8070:   0000004100000000 000000076cda3b48
0x000000016c7b8080:   0000000000000000 0000000100000010
0x000000016c7b8090:   0000000000000000 000000000000000f
0x000000016c7b80a0:   0000000000000000 0000000100000010
0x000000016c7b80b0:   000000016cf6ae50 0000000109520b98
0x000000016c7b80c0:   000000016cf6ae50 00000001095463f8
0x000000016c7b80d0:   0000004400000051 000000076cda3ac0
0x000000016c7b80e0:   000000076cda37d0 000000076cda3b48
0x000000016c7b80f0:   0000000000000044 000000076cda26e8
0x000000016c7b8100:   000000076cd7cbf0 000000006cd7cca0
0x000000016c7b8110:   000000076cda3b48 000000076cda3af0
0x000000016c7b8120:   000000060000000c 00000006c3f848a0
0x000000016c7b8130:   0000000100000010 000000076cda38f0
0x000000016c7b8140:   000000000000000c 000000076cda3b48
0x000000016c7b8150:   00000006c3f84910 00000006c3f84960
0x000000016c7b8160:   000000076cda3910 00000006c3f84888
0x000000016c7b8170:   0000000d00000051 00000006c3f848a0 

Instructions: (pc=0x0000000108afe498)
0x0000000108afe478:   00 00 00 00 00 00 00 00 28 08 40 b9 3f 01 08 6b
0x0000000108afe488:   40 00 00 54 6d f5 db 17 1f 20 03 d5 e9 bf 70 b2
0x0000000108afe498:   ff 6b 29 f8 ff 83 01 d1 fd 7b 05 a9 e5 1f 00 b9
0x0000000108afe4a8:   e4 13 00 f9 e3 03 00 b9 02 40 00 b4 4a 0c 40 b9 


Register to memory mapping:

 x0=0x000000076cda3bf0 is an oop
[B 
 - klass: {type array byte}
 - length: 16
 x1=0x00000006c3f84960 is an oop
com.sun.crypto.provider.AESCrypt 
 - klass: 'com/sun/crypto/provider/AESCrypt'
 x2=0x000000076cda39d0 is an oop
[B 
 - klass: {type array byte}
 - length: 16
 x3=0x0000000000000000 is an unknown value
 x4=0x000000076cda3bf0 is an oop
[B 
 - klass: {type array byte}
 - length: 16
 x5=0x0000000000000000 is an unknown value
 x6=0x0000000000000034 is an unknown value
 x7=0x000000076cda39b0 is an oop
com.sun.crypto.provider.GCTR 
 - klass: 'com/sun/crypto/provider/GCTR'
 x8=0x00000000000000ac is an unknown value
 x9=0xffffffffffff0000 is an unknown value
x10=0x000000000000000f is an unknown value
x11=0x0000000000000000 is an unknown value
x12=0x0000000000000030 is an unknown value
x13=0x0000000000000004 is an unknown value
x14=0x0000000000000044 is an unknown value
x15=0x0000000000000000 is an unknown value
x16=0x0000000000000034 is an unknown value
x17=0x0000000000000000 is an unknown value
x18=0x000000076cda3af0 is an oop
[B 
 - klass: {type array byte}
 - length: 68
x19=0x0000000000000000 is an unknown value
x20=0x0000000000000001 is an unknown value
x21=0x0000000000000010 is an unknown value
x22=0x0000000000000034 is an unknown value
x23=0x0000000000000010 is an unknown value
x24=0x000000076cda3be0 is an oop
