#
# A fatal error has been detected by the Java Runtime Environment:
#
#  EXCEPTION_ACCESS_VIOLATION (0xc0000005) at pc=0x0000000003e800f3, pid=19476, tid=0x0000000000005398
#
# JRE version: Java(TM) SE Runtime Environment (8.0_251-b08) (build 1.8.0_251-b08)
# Java VM: Java HotSpot(TM) 64-Bit Server VM (25.251-b08 mixed mode windows-amd64 compressed oops)
# Problematic frame:
# J 7306 C2 com.sun.javafx.css.StyleCache.getStyleCacheEntry(Lcom/sun/javafx/css/StyleCacheEntry$Key;)Lcom/sun/javafx/css/StyleCacheEntry; (25 bytes) @ 0x0000000003e800f3 [0x0000000003e7f9a0+0x753]
#
# Failed to write core dump. Minidumps are not enabled by default on client versions of Windows
#
# If you would like to submit a bug report, please visit:
#   http://bugreport.java.com/bugreport/crash.jsp
#

---------------  T H R E A D  ---------------

Current thread (0x000000001f1c4000):  JavaThread "JavaFX Application Thread" [_thread_in_Java, id=21400, stack(0x000000001fea0000,0x000000001ffa0000)]

siginfo: ExceptionCode=0xc0000005, reading address 0x0000000000000078

Registers:
RAX=0x0000000771daf478, RBX=0x000000000000000c, RCX=0x0000000771daf458, RDX=0x000000076d611d28
RSP=0x000000001ff9d1a0, RBP=0x00000000edac23ad, RSI=0x000000076d611d68, RDI=0x0000000000000002
R8 =0x0000000000000000, R9 =0x0000000000000010, R10=0x00000000ee3b5e87, R11=0x00000000ee3b5ac1
R12=0x0000000000000000, R13=0x00000006c1e253f8, R14=0x0000000771daf438, R15=0x000000001f1c4000
RIP=0x0000000003e800f3, EFLAGS=0x0000000000010203

Top of Stack: (sp=0x000000001ff9d1a0)
0x000000001ff9d1a0:   beb0c6f72ec2d4d8 000000076d611d08
0x000000001ff9d1b0:   0000000000000000 0000000771ba2ec0
0x000000001ff9d1c0:   000000070000000b 000000076d611b38
0x000000001ff9d1d0:   000000076d611130 0000000771ba1b80
0x000000001ff9d1e0:   0000000000000001 000000076d610dd8
0x000000001ff9d1f0:   000000000000000c 0000000003ead1f0
0x000000001ff9d200:   0000000169d6d655 000000076d610c28
0x000000001ff9d210:   00000000ee2b2bb3 0000000003f0d618
0x000000001ff9d220:   0000000cf8018321 000000076d611d08
0x000000001ff9d230:   00000006c35d2318 0000000b00000000
0x000000001ff9d240:   0000000000000040 000000076d611190
0x000000001ff9d250:   0000000000000006 00000007c00e8110
0x000000001ff9d260:   0000000771dae6c0 00000007c01ab1a8
0x000000001ff9d270:   00000006c20155e0 0000000771ba1ae8
0x000000001ff9d280:   0000000771ba1538 00000006c20155f8
0x000000001ff9d290:   00000007c01aafb0 000000076d611190 

Instructions: (pc=0x0000000003e800f3)
0x0000000003e800d3:   14 48 89 74 24 30 44 89 5c 24 2c 90 e8 bc 56 c1
0x0000000003e800e3:   fe cc 49 b9 00 00 00 00 00 00 00 00 4d 8d 0c f9
0x0000000003e800f3:   49 8b 69 68 ba 65 ff ff ff 44 89 54 24 04 48 89
0x0000000003e80103:   4c 24 18 44 89 44 24 20 48 89 74 24 28 44 89 5c 


Register to memory mapping:

RAX=0x0000000771daf478 is an oop
[Ljava.util.Set; 
 - klass: 'java/util/Set'[]
 - length: 12
RBX=0x000000000000000c is an unknown value
RCX=0x0000000771daf458 is an oop
com.sun.javafx.css.StyleCacheEntry$Key 
 - klass: 'com/sun/javafx/css/StyleCacheEntry$Key'
RDX=0x000000076d611d28 is an oop
[Ljava.util.Set; 
 - klass: 'java/util/Set'[]
 - length: 12
RSP=0x000000001ff9d1a0 is pointing into the stack for thread: 0x000000001f1c4000
RBP=0x00000000edac23ad is an unknown value
RSI=0x000000076d611d68 is an oop
com.sun.javafx.css.PseudoClassState 
 - klass: 'com/sun/javafx/css/PseudoClassState'
RDI=0x0000000000000002 is an unknown value
R8 =0x0000000000000000 is an unknown value
R9 =0x0000000000000010 is an unknown value
R10=0x00000000ee3b5e87 is an unknown value
R11=0x00000000ee3b5ac1 is an unknown value
R12=0x0000000000000000 is an unknown value
R13=0x00000006c1e253f8 is an oop
[J 
 - klass: {type array long}
 - length: 0
R14=0x0000000771daf438 is an oop
java.util.HashMap$Node 
 - klass: 'java/util/HashMap$Node'
R15=0x000000001f1c4000 is a thread


Stack: [0x000000001fea0000,0x000000001ffa0000],  sp=0x000000001ff9d1a0,  free space=1012k
Native frames: (J=compiled Java code, j=interpreted, Vv=VM code, C=native code)
C  0x0000000003e800f3


---------------  P R O C E S S  ---------------

Java Threads: ( => current thread )
  0x00000000257f5800 JavaThread "mysql-cj-abandoned-connection-cleanup" daemon [_thread_blocked, id=19880, stack(0x000000002b930000,0x000000002ba30000)]
  0x000000001f673800 JavaThread "Prism Font Disposer" daemon [_thread_blocked, id=9784, stack(0x0000000027fc0000,0x00000000280c0000)]
  0x000000001f2a6800 JavaThread "JavaFX-Launcher" [_thread_blocked, id=20624, stack(0x0000000024a90000,0x0000000024b90000)]
  0x000000001f28a000 JavaThread "Thread-2" daemon [_thread_in_native, id=23708, stack(0x0000000024990000,0x0000000024a90000)]
=>0x000000001f1c4000 JavaThread "JavaFX Application Thread" [_thread_in_Java, id=21400, stack(0x000000001fea0000,0x000000001ffa0000)]
  0x000000001f1ad800 JavaThread "Thread-1" daemon [_thread_blocked, id=21672, stack(0x000000001fda0000,0x000000001fea0000)]
  0x000000001f192800 JavaThread "QuantumRenderer-0" daemon [_thread_blocked, id=19392, stack(0x000000001fa20000,0x000000001fb20000)]
  0x000000001e2ff800 JavaThread "Service Thread" daemon [_thread_blocked, id=17608, stack(0x000000001ef30000,0x000000001f030000)]
  0x000000001e26d800 JavaThread "C1 CompilerThread3" daemon [_thread_blocked, id=5732, stack(0x000000001ee30000,0x000000001ef30000)]
  0x000000001e265800 JavaThread "C2 CompilerThread2" daemon [_thread_blocked, id=10952, stack(0x000000001ed30000,0x000000001ee30000)]
  0x000000001e261800 JavaThread "C2 CompilerThread1" daemon [_thread_blocked, id=13724, stack(0x000000001ec30000,0x000000001ed30000)]
  0x000000001e25b800 JavaThread "C2 CompilerThread0" daemon [_thread_blocked, id=22784, stack(0x000000001eb30000,0x000000001ec30000)]
  0x000000001e259800 JavaThread "Attach Listener" daemon [_thread_blocked, id=4872, stack(0x000000001ea30000,0x000000001eb30000)]
  0x000000001c46e800 JavaThread "Signal Dispatcher" daemon [_thread_blocked, id=15044, stack(0x000000001e930000,0x000000001ea30000)]
  0x000000001e251000 JavaThread "Finalizer" daemon [_thread_blocked, id=3204, stack(0x000000001e730000,0x000000001e830000)]
  0x000000001e250800 JavaThread "Reference Handler" daemon [_thread_blocked, id=12004, stack(0x000000001e630000,0x000000001e730000)]
  0x0000000002872800 JavaThread "main" [_thread_blocked, id=20776, stack(0x00000000026d0000,0x00000000027d0000)]

Other Threads:
  0x000000001c459000 VMThread [stack: 0x000000001e130000,0x000000001e230000] [id=10988]
  0x000000001e31c000 WatcherThread [stack: 0x000000001f030000,0x000000001f130000] [id=11324]

VM state:not at safepoint (normal execution)

VM Mutex/Monitor currently owned by a thread: None

heap address: 0x00000006c1e00000, size: 4066 MB, Compressed Oops mode: Zero based, Oop shift amount: 3
Narrow klass base: 0x0000000000000000, Narrow klass shift: 3
Compressed class space size: 1073741824 Address: 0x00000007c0000000

Heap:
 PSYoungGen      total 91136K, used 69514K [0x000000076b500000, 0x0000000773b80000, 0x00000007c0000000)
  eden space 54272K, 63% used [0x000000076b500000,0x000000076d6e5ec8,0x000000076ea00000)
  from space 36864K, 94% used [0x0000000771180000,0x000000077337ca60,0x0000000773580000)
  to   space 40448K, 0% used [0x000000076ea00000,0x000000076ea00000,0x0000000771180000)
 ParOldGen       total 78336K, used 46433K [0x00000006c1e00000, 0x00000006c6a80000, 0x000000076b500000)
  object space 78336K, 59% used [0x00000006c1e00000,0x00000006c4b586f0,0x00000006c6a80000)
 Metaspace       used 30717K, capacity 32760K, committed 32896K, reserved 1077248K
  class space    used 4094K, capacity 4442K, committed 4480K, reserved 1048576K

Card table byte_map: [0x0000000011e10000,0x0000000012610000] byte_map_base: 0x000000000e801000

Marking Bits: (ParMarkBitMap*) 0x000000006b0aaf90
 Begin Bits: [0x0000000013360000, 0x00000000172e8000)
 End Bits:   [0x00000000172e8000, 0x000000001b270000)

Polling page: 0x0000000000e60000

CodeCache: size=245760Kb used=21556Kb max_used=21885Kb free=224203Kb
 bounds [0x0000000002a50000, 0x0000000004000000, 0x0000000011a50000]
 total_blobs=7396 nmethods=6571 adapters=736
 compilation: enabled

Compilation events (10 events):
Event: 440.375 Thread 0x000000001e26d800 8114       3       javafx.scene.control.TabPane$StyleableProperties$1::isSettable (9 bytes)
Event: 440.377 Thread 0x000000001e26d800 nmethod 8114 0x0000000002bfc750 code [0x0000000002bfc8e0, 0x0000000002bfce10]
Event: 440.377 Thread 0x000000001e26d800 8115       3       javafx.scene.control.TabPane$StyleableProperties$1::isSettable (23 bytes)
Event: 440.378 Thread 0x000000001e26d800 nmethod 8115 0x00000000034bc350 code [0x00000000034bc4c0, 0x00000000034bc830]
Event: 440.378 Thread 0x000000001e26d800 8116       3       javafx.scene.control.TabPane$StyleableProperties$1::getStyleableProperty (9 bytes)
Event: 440.379 Thread 0x000000001e26d800 nmethod 8116 0x0000000003768190 code [0x0000000003768340, 0x0000000003768a68]
Event: 440.379 Thread 0x000000001e26d800 8117       3       javafx.scene.control.TabPane$StyleableProperties$1::getStyleableProperty (8 bytes)
Event: 440.379 Thread 0x000000001e26d800 nmethod 8117 0x0000000003767890 code [0x0000000003767a20, 0x0000000003767f88]
Event: 440.379 Thread 0x000000001e26d800 8118       3       javafx.scene.control.TabPane$StyleableProperties$3::isSettable (9 bytes)
Event: 440.380 Thread 0x000000001e26d800 nmethod 8118 0x0000000003767050 code [0x00000000037671e0, 0x0000000003767710]

GC Heap History (10 events):
Event: 301.866 GC heap before
{Heap before GC invocations=7 (full 1):
 PSYoungGen      total 74752K, used 74740K [0x000000076b500000, 0x0000000772b80000, 0x00000007c0000000)
  eden space 64000K, 100% used [0x000000076b500000,0x000000076f380000,0x000000076f380000)
  from space 10752K, 99% used [0x000000076f500000,0x000000076ff7d1e0,0x000000076ff80000)
  to   space 28672K, 0% used [0x0000000770f80000,0x0000000770f80000,0x0000000772b80000)
 ParOldGen       total 78336K, used 46393K [0x00000006c1e00000, 0x00000006c6a80000, 0x000000076b500000)
  object space 78336K, 59% used [0x00000006c1e00000,0x00000006c4b4e6f0,0x00000006c6a80000)
 Metaspace       used 30208K, capacity 32184K, committed 32384K, reserved 1077248K
  class space    used 4070K, capacity 4430K, committed 4480K, reserved 1048576K
Event: 301.881 GC heap after
Heap after GC invocations=7 (full 1):
 PSYoungGen      total 90624K, used 21714K [0x000000076b500000, 0x0000000772b00000, 0x00000007c0000000)
  eden space 62464K, 0% used [0x000000076b500000,0x000000076b500000,0x000000076f200000)
  from space 28160K, 77% used [0x0000000770f80000,0x00000007724b4be0,0x0000000772b00000)
  to   space 29184K, 0% used [0x000000076f200000,0x000000076f200000,0x0000000770e80000)
 ParOldGen       total 78336K, used 46401K [0x00000006c1e00000, 0x00000006c6a80000, 0x000000076b500000)
  object space 78336K, 59% used [0x00000006c1e00000,0x00000006c4b506f0,0x00000006c6a80000)
 Metaspace       used 30208K, capacity 32184K, committed 32384K, reserved 1077248K
  class space    used 4070K, capacity 4430K, committed 4480K, reserved 1048576K
}
Event: 320.231 GC heap before
{Heap before GC invocations=8 (full 1):
 PSYoungGen      total 90624K, used 84178K [0x000000076b500000, 0x0000000772b00000, 0x00000007c0000000)
  eden space 62464K, 100% used [0x000000076b500000,0x000000076f200000,0x000000076f200000)
  from space 28160K, 77% used [0x0000000770f80000,0x00000007724b4be0,0x0000000772b00000)
  to   space 29184K, 0% used [0x000000076f200000,0x000000076f200000,0x0000000770e80000)
 ParOldGen       total 78336K, used 46401K [0x00000006c1e00000, 0x00000006c6a80000, 0x000000076b500000)
  object space 78336K, 59% used [0x00000006c1e00000,0x00000006c4b506f0,0x00000006c6a80000)
 Metaspace       used 30446K, capacity 32484K, committed 32640K, reserved 1077248K
  class space    used 4085K, capacity 4438K, committed 4480K, reserved 1048576K
Event: 320.246 GC heap after
Heap after GC invocations=8 (full 1):
 PSYoungGen      total 90624K, used 26690K [0x000000076b500000, 0x0000000772f00000, 0x00000007c0000000)
  eden space 61440K, 0% used [0x000000076b500000,0x000000076b500000,0x000000076f100000)
  from space 29184K, 91% used [0x000000076f200000,0x0000000770c10948,0x0000000770e80000)
  to   space 31744K, 0% used [0x0000000771000000,0x0000000771000000,0x0000000772f00000)
 ParOldGen       total 78336K, used 46409K [0x00000006c1e00000, 0x00000006c6a80000, 0x000000076b500000)
  object space 78336K, 59% used [0x00000006c1e00000,0x00000006c4b526f0,0x00000006c6a80000)
 Metaspace       used 30446K, capacity 32484K, committed 32640K, reserved 1077248K
  class space    used 4085K, capacity 4438K, committed 4480K, reserved 1048576K
}
Event: 400.246 GC heap before
{Heap before GC invocations=9 (full 1):
 PSYoungGen      total 90624K, used 88130K [0x000000076b500000, 0x0000000772f00000, 0x00000007c0000000)
  eden space 61440K, 100% used [0x000000076b500000,0x000000076f100000,0x000000076f100000)
  from space 29184K, 91% used [0x000000076f200000,0x0000000770c10948,0x0000000770e80000)
  to   space 31744K, 0% used [0x0000000771000000,0x0000000771000000,0x0000000772f00000)
 ParOldGen       total 78336K, used 46409K [0x00000006c1e00000, 0x00000006c6a80000, 0x000000076b500000)
  object space 78336K, 59% used [0x00000006c1e00000,0x00000006c4b526f0,0x00000006c6a80000)
 Metaspace       used 30526K, capacity 32568K, committed 32640K, reserved 1077248K
  class space    used 4090K, capacity 4442K, committed 4480K, reserved 1048576K
Event: 400.264 GC heap after
Heap after GC invocations=9 (full 1):
 PSYoungGen      total 90624K, used 29859K [0x000000076b500000, 0x0000000773300000, 0x00000007c0000000)
  eden space 58880K, 0% used [0x000000076b500000,0x000000076b500000,0x000000076ee80000)
  from space 31744K, 94% used [0x0000000771000000,0x0000000772d28e10,0x0000000772f00000)
  to   space 34304K, 0% used [0x000000076ee80000,0x000000076ee80000,0x0000000771000000)
 ParOldGen       total 78336K, used 46417K [0x00000006c1e00000, 0x00000006c6a80000, 0x000000076b500000)
  object space 78336K, 59% used [0x00000006c1e00000,0x00000006c4b546f0,0x00000006c6a80000)
 Metaspace       used 30526K, capacity 32568K, committed 32640K, reserved 1077248K
  class space    used 4090K, capacity 4442K, committed 4480K, reserved 1048576K
}
Event: 410.534 GC heap before
{Heap before GC invocations=10 (full 1):
 PSYoungGen      total 90624K, used 88739K [0x000000076b500000, 0x0000000773300000, 0x00000007c0000000)
  eden space 58880K, 100% used [0x000000076b500000,0x000000076ee80000,0x000000076ee80000)
  from space 31744K, 94% used [0x0000000771000000,0x0000000772d28e10,0x0000000772f00000)
  to   space 34304K, 0% used [0x000000076ee80000,0x000000076ee80000,0x0000000771000000)
 ParOldGen       total 78336K, used 46417K [0x00000006c1e00000, 0x00000006c6a80000, 0x000000076b500000)
  object space 78336K, 59% used [0x00000006c1e00000,0x00000006c4b546f0,0x00000006c6a80000)
 Metaspace       used 30605K, capacity 32632K, committed 32896K, reserved 1077248K
  class space    used 4094K, capacity 4442K, committed 4480K, reserved 1048576K
Event: 410.551 GC heap after
Heap after GC invocations=10 (full 1):
 PSYoungGen      total 92160K, used 31202K [0x000000076b500000, 0x0000000773580000, 0x00000007c0000000)
  eden space 57856K, 0% used [0x000000076b500000,0x000000076b500000,0x000000076ed80000)
  from space 34304K, 90% used [0x000000076ee80000,0x0000000770cf8948,0x0000000771000000)
  to   space 36864K, 0% used [0x0000000771180000,0x0000000771180000,0x0000000773580000)
 ParOldGen       total 78336K, used 46425K [0x00000006c1e00000, 0x00000006c6a80000, 0x000000076b500000)
  object space 78336K, 59% used [0x00000006c1e00000,0x00000006c4b566f0,0x00000006c6a80000)
 Metaspace       used 30605K, capacity 32632K, committed 32896K, reserved 1077248K
  class space    used 4094K, capacity 4442K, committed 4480K, reserved 1048576K
}
Event: 427.505 GC heap before
{Heap before GC invocations=11 (full 1):
 PSYoungGen      total 92160K, used 89058K [0x000000076b500000, 0x0000000773580000, 0x00000007c0000000)
  eden space 57856K, 100% used [0x000000076b500000,0x000000076ed80000,0x000000076ed80000)
  from space 34304K, 90% used [0x000000076ee80000,0x0000000770cf8948,0x0000000771000000)
  to   space 36864K, 0% used [0x0000000771180000,0x0000000771180000,0x0000000773580000)
 ParOldGen       total 78336K, used 46425K [0x00000006c1e00000, 0x00000006c6a80000, 0x000000076b500000)
  object space 78336K, 59% used [0x00000006c1e00000,0x00000006c4b566f0,0x00000006c6a80000)
 Metaspace       used 30655K, capacity 32632K, committed 32896K, reserved 1077248K
  class space    used 4094K, capacity 4442K, committed 4480K, reserved 1048576K
Event: 427.522 GC heap after
Heap after GC invocations=11 (full 1):
 PSYoungGen      total 91136K, used 34802K [0x000000076b500000, 0x0000000773b80000, 0x00000007c0000000)
  eden space 54272K, 0% used [0x000000076b500000,0x000000076b500000,0x000000076ea00000)
  from space 36864K, 94% used [0x0000000771180000,0x000000077337ca60,0x0000000773580000)
  to   space 40448K, 0% used [0x000000076ea00000,0x000000076ea00000,0x0000000771180000)
 ParOldGen       total 78336K, used 46433K [0x00000006c1e00000, 0x00000006c6a80000, 0x000000076b500000)
  object space 78336K, 59% used [0x00000006c1e00000,0x00000006c4b586f0,0x00000006c6a80000)
 Metaspace       used 30655K, capacity 32632K, committed 32896K, reserved 1077248K
  class space    used 4094K, capacity 4442K, committed 4480K, reserved 1048576K
}

Deoptimization events (10 events):
Event: 394.572 Thread 0x000000001f1c4000 Uncommon trap: reason=class_check action=maybe_recompile pc=0x0000000003b82368 method=javafx.scene.layout.Background.isEmpty()Z @ 16
Event: 394.649 Thread 0x000000001f1c4000 Uncommon trap: reason=bimorphic action=maybe_recompile pc=0x0000000003201c54 method=com.sun.javafx.event.CompositeEventHandler.dispatchBubblingEvent(Ljavafx/event/Event;)V @ 12
Event: 400.347 Thread 0x000000001f1c4000 Uncommon trap: reason=unstable_if action=reinterpret pc=0x0000000002c88a90 method=javafx.scene.CssStyleHelper.isUserSetFont(Ljavafx/css/Styleable;)Z @ 56
Event: 400.347 Thread 0x000000001f1c4000 Uncommon trap: reason=unstable_if action=reinterpret pc=0x000000000348811c method=javafx.scene.CssStyleHelper.isUserSetFont(Ljavafx/css/Styleable;)Z @ 56
Event: 401.331 Thread 0x000000001f192800 Uncommon trap: reason=class_check action=maybe_recompile pc=0x0000000002f5e5bc method=com.sun.javafx.sg.prism.NGGroup.renderContent(Lcom/sun/prism/Graphics;)V @ 66
Event: 401.332 Thread 0x000000001f192800 Uncommon trap: reason=class_check action=maybe_recompile pc=0x0000000002f5e5bc method=com.sun.javafx.sg.prism.NGGroup.renderContent(Lcom/sun/prism/Graphics;)V @ 66
Event: 407.346 Thread 0x000000001f1c4000 Uncommon trap: reason=unstable_if action=reinterpret pc=0x0000000003799e68 method=javafx.scene.Parent.impl_pickNodeLocal(Lcom/sun/javafx/geom/PickRay;Lcom/sun/javafx/scene/input/PickResultChooser;)V @ 28
Event: 427.463 Thread 0x000000001f1c4000 Uncommon trap: reason=unstable_if action=reinterpret pc=0x0000000003ef4f6c method=com.mysql.cj.protocol.a.result.TextBufferRow.findAndSeekToOffset(I)I @ 68
Event: 427.463 Thread 0x000000001f1c4000 Uncommon trap: reason=unstable_if action=reinterpret pc=0x0000000003713b20 method=com.mysql.cj.protocol.a.result.TextBufferRow.findAndSeekToOffset(I)I @ 68
Event: 427.475 Thread 0x000000001f1c4000 Uncommon trap: reason=unstable_if action=reinterpret pc=0x0000000002c68198 method=java.lang.AbstractStringBuilder.append(Ljava/lang/String;)Ljava/lang/AbstractStringBuilder; @ 1

Classes redefined (0 events):
No events

Internal exceptions (10 events):
Event: 12.847 Thread 0x000000001f1c4000 Implicit null exception at 0x000000000330b10e to 0x000000000330b15d
Event: 52.061 Thread 0x000000001f1c4000 Implicit null exception at 0x0000000003c381bf to 0x0000000003c38317
Event: 293.176 Thread 0x000000001f1c4000 Implicit null exception at 0x00000000032c7890 to 0x00000000032c8045
Event: 301.842 Thread 0x000000001f1c4000 Implicit null exception at 0x0000000002ee3db5 to 0x0000000002ee420d
Event: 301.843 Thread 0x000000001f1c4000 Implicit null exception at 0x0000000003c9a897 to 0x0000000003c9aa0a
Event: 301.921 Thread 0x000000001f1c4000 Implicit null exception at 0x000000000351d09c to 0x000000000351d579
Event: 301.925 Thread 0x000000001f1c4000 Implicit null exception at 0x0000000003e52980 to 0x0000000003e52b89
Event: 301.925 Thread 0x000000001f192800 Implicit null exception at 0x000000000327d94c to 0x000000000327db8d
Event: 427.475 Thread 0x000000001f1c4000 Implicit null exception at 0x0000000002c67dd6 to 0x0000000002c68181
Event: 440.381 Thread 0x000000001f1c4000 Implicit null exception at 0x0000000003e800f3 to 0x0000000000000000

Events (10 events):
Event: 427.534 Thread 0x000000001e26d800 flushing nmethod 0x0000000003935790
Event: 427.534 Thread 0x000000001e26d800 flushing nmethod 0x000000000393ca90
Event: 427.534 Thread 0x000000001e26d800 flushing nmethod 0x0000000003a1ac10
Event: 427.535 Thread 0x000000001e26d800 flushing nmethod 0x0000000003bdd210
Event: 427.535 Thread 0x000000001e26d800 flushing nmethod 0x0000000003c79a50
Event: 427.536 Thread 0x000000001e26d800 flushing nmethod 0x0000000003ed41d0
Event: 427.536 Thread 0x000000001e26d800 flushing nmethod 0x0000000003f185d0
Event: 427.536 Thread 0x000000001e26d800 flushing nmethod 0x0000000003f1c150
Event: 427.536 Thread 0x000000001e26d800 flushing nmethod 0x0000000003f23e50
Event: 427.536 Thread 0x000000001e26d800 flushing nmethod 0x0000000003f96c90


Dynamic libraries:
0x00007ff7692e0000 - 0x00007ff769317000 	C:\Program Files\Java\jdk1.8.0_251\bin\javaw.exe
0x00007fff2e450000 - 0x00007fff2e646000 	C:\WINDOWS\SYSTEM32\ntdll.dll
0x00007fff2d4b0000 - 0x00007fff2d56d000 	C:\WINDOWS\System32\KERNEL32.DLL
0x00007fff2c0a0000 - 0x00007fff2c369000 	C:\WINDOWS\System32\KERNELBASE.dll
0x00007fff2d650000 - 0x00007fff2d6fc000 	C:\WINDOWS\System32\ADVAPI32.dll
0x00007fff2d410000 - 0x00007fff2d4ae000 	C:\WINDOWS\System32\msvcrt.dll
0x00007fff2e1e0000 - 0x00007fff2e27c000 	C:\WINDOWS\System32\sechost.dll
0x00007fff2e0b0000 - 0x00007fff2e1db000 	C:\WINDOWS\System32\RPCRT4.dll
0x00007fff2c610000 - 0x00007fff2c7b0000 	C:\WINDOWS\System32\USER32.dll
0x00007fff2c070000 - 0x00007fff2c092000 	C:\WINDOWS\System32\win32u.dll
0x00007fff2e330000 - 0x00007fff2e35a000 	C:\WINDOWS\System32\GDI32.dll
0x00007fff2c3a0000 - 0x00007fff2c4a9000 	C:\WINDOWS\System32\gdi32full.dll
0x00007fff2bb90000 - 0x00007fff2bc2d000 	C:\WINDOWS\System32\msvcp_win.dll
0x00007fff2be10000 - 0x00007fff2bf10000 	C:\WINDOWS\System32\ucrtbase.dll
0x00007fff13e60000 - 0x00007fff140fb000 	C:\WINDOWS\WinSxS\amd64_microsoft.windows.common-controls_6595b64144ccf1df_6.0.19041.488_none_ca04af081b815d21\COMCTL32.dll
0x00007fff2c4b0000 - 0x00007fff2c4e0000 	C:\WINDOWS\System32\IMM32.DLL
0x000000006c5a0000 - 0x000000006c672000 	C:\Program Files\Java\jdk1.8.0_251\jre\bin\msvcr100.dll
0x000000006a880000 - 0x000000006b12b000 	C:\Program Files\Java\jdk1.8.0_251\jre\bin\server\jvm.dll
0x00007fff2dc20000 - 0x00007fff2dc28000 	C:\WINDOWS\System32\PSAPI.DLL
0x00007fff16cf0000 - 0x00007fff16d17000 	C:\WINDOWS\SYSTEM32\WINMM.dll
0x00007fff1a180000 - 0x00007fff1a189000 	C:\WINDOWS\SYSTEM32\WSOCK32.dll
0x00007fff26c20000 - 0x00007fff26c2a000 	C:\WINDOWS\SYSTEM32\VERSION.dll
0x00007fff2db50000 - 0x00007fff2dbbb000 	C:\WINDOWS\System32\WS2_32.dll
0x00007fff19e10000 - 0x00007fff19e1f000 	C:\Program Files\Java\jdk1.8.0_251\jre\bin\verify.dll
0x00007fff11d60000 - 0x00007fff11d89000 	C:\Program Files\Java\jdk1.8.0_251\jre\bin\java.dll
0x00007fff19dd0000 - 0x00007fff19de6000 	C:\Program Files\Java\jdk1.8.0_251\jre\bin\zip.dll
0x00007fff2ccc0000 - 0x00007fff2d402000 	C:\WINDOWS\System32\SHELL32.dll
0x00007fff29d00000 - 0x00007fff2a495000 	C:\WINDOWS\SYSTEM32\windows.storage.dll
0x00007fff2d7f0000 - 0x00007fff2db46000 	C:\WINDOWS\System32\combase.dll
0x00007fff2b530000 - 0x00007fff2b55c000 	C:\WINDOWS\SYSTEM32\Wldp.dll
0x00007fff2e360000 - 0x00007fff2e40e000 	C:\WINDOWS\System32\SHCORE.dll
0x00007fff2d570000 - 0x00007fff2d5c5000 	C:\WINDOWS\System32\shlwapi.dll
0x00007fff2bac0000 - 0x00007fff2bae6000 	C:\WINDOWS\SYSTEM32\profapi.dll
0x0000000000ef0000 - 0x0000000000ef3000 	C:\Program Files\Java\jdk1.8.0_251\jre\bin\api-ms-win-core-console-l1-1-0.dll
0x0000000000f00000 - 0x0000000000f03000 	C:\Program Files\Java\jdk1.8.0_251\jre\bin\api-ms-win-core-datetime-l1-1-0.dll
0x0000000000f10000 - 0x0000000000f13000 	C:\Program Files\Java\jdk1.8.0_251\jre\bin\api-ms-win-core-debug-l1-1-0.dll
0x00000000027d0000 - 0x00000000027d3000 	C:\Program Files\Java\jdk1.8.0_251\jre\bin\api-ms-win-core-errorhandling-l1-1-0.dll
0x00000000027e0000 - 0x00000000027e4000 	C:\Program Files\Java\jdk1.8.0_251\jre\bin\api-ms-win-core-file-l1-1-0.dll
0x00000000027f0000 - 0x00000000027f3000 	C:\Program Files\Java\jdk1.8.0_251\jre\bin\api-ms-win-core-file-l1-2-0.dll
0x0000000002800000 - 0x0000000002803000 	C:\Program Files\Java\jdk1.8.0_251\jre\bin\api-ms-win-core-file-l2-1-0.dll
0x0000000002810000 - 0x0000000002813000 	C:\Program Files\Java\jdk1.8.0_251\jre\bin\api-ms-win-core-handle-l1-1-0.dll
0x0000000002820000 - 0x0000000002823000 	C:\Program Files\Java\jdk1.8.0_251\jre\bin\api-ms-win-core-heap-l1-1-0.dll
0x0000000002830000 - 0x0000000002833000 	C:\Program Files\Java\jdk1.8.0_251\jre\bin\api-ms-win-core-interlocked-l1-1-0.dll
0x0000000002840000 - 0x0000000002843000 	C:\Program Files\Java\jdk1.8.0_251\jre\bin\api-ms-win-core-libraryloader-l1-1-0.dll
0x0000000002850000 - 0x0000000002853000 	C:\Program Files\Java\jdk1.8.0_251\jre\bin\api-ms-win-core-localization-l1-2-0.dll
0x0000000002970000 - 0x0000000002973000 	C:\Program Files\Java\jdk1.8.0_251\jre\bin\api-ms-win-core-memory-l1-1-0.dll
0x0000000002980000 - 0x0000000002983000 	C:\Program Files\Java\jdk1.8.0_251\jre\bin\api-ms-win-core-namedpipe-l1-1-0.dll
0x0000000002990000 - 0x0000000002993000 	C:\Program Files\Java\jdk1.8.0_251\jre\bin\api-ms-win-core-processenvironment-l1-1-0.dll
0x00000000029a0000 - 0x00000000029a3000 	C:\Program Files\Java\jdk1.8.0_251\jre\bin\api-ms-win-core-processthreads-l1-1-0.dll
0x00000000029b0000 - 0x00000000029b3000 	C:\Program Files\Java\jdk1.8.0_251\jre\bin\api-ms-win-core-processthreads-l1-1-1.dll
0x00000000029c0000 - 0x00000000029c3000 	C:\Program Files\Java\jdk1.8.0_251\jre\bin\api-ms-win-core-profile-l1-1-0.dll
0x00000000029d0000 - 0x00000000029d3000 	C:\Program Files\Java\jdk1.8.0_251\jre\bin\api-ms-win-core-rtlsupport-l1-1-0.dll
0x00000000029e0000 - 0x00000000029e3000 	C:\Program Files\Java\jdk1.8.0_251\jre\bin\api-ms-win-core-string-l1-1-0.dll
0x00000000029f0000 - 0x00000000029f3000 	C:\Program Files\Java\jdk1.8.0_251\jre\bin\api-ms-win-core-synch-l1-1-0.dll
0x0000000002a00000 - 0x0000000002a03000 	C:\Program Files\Java\jdk1.8.0_251\jre\bin\api-ms-win-core-synch-l1-2-0.dll
0x0000000002a10000 - 0x0000000002a13000 	C:\Program Files\Java\jdk1.8.0_251\jre\bin\api-ms-win-core-sysinfo-l1-1-0.dll
0x0000000002a20000 - 0x0000000002a23000 	C:\Program Files\Java\jdk1.8.0_251\jre\bin\api-ms-win-core-timezone-l1-1-0.dll
0x0000000002a30000 - 0x0000000002a33000 	C:\Program Files\Java\jdk1.8.0_251\jre\bin\api-ms-win-core-util-l1-1-0.dll
0x000000001f930000 - 0x000000001f933000 	C:\Program Files\Java\jdk1.8.0_251\jre\bin\api-ms-win-crt-conio-l1-1-0.dll
0x000000001f940000 - 0x000000001f944000 	C:\Program Files\Java\jdk1.8.0_251\jre\bin\api-ms-win-crt-convert-l1-1-0.dll
0x000000001f950000 - 0x000000001f953000 	C:\Program Files\Java\jdk1.8.0_251\jre\bin\api-ms-win-crt-environment-l1-1-0.dll
0x000000001f960000 - 0x000000001f963000 	C:\Program Files\Java\jdk1.8.0_251\jre\bin\api-ms-win-crt-filesystem-l1-1-0.dll
0x000000001f970000 - 0x000000001f973000 	C:\Program Files\Java\jdk1.8.0_251\jre\bin\api-ms-win-crt-heap-l1-1-0.dll
0x000000001f980000 - 0x000000001f983000 	C:\Program Files\Java\jdk1.8.0_251\jre\bin\api-ms-win-crt-locale-l1-1-0.dll
0x000000001f990000 - 0x000000001f995000 	C:\Program Files\Java\jdk1.8.0_251\jre\bin\api-ms-win-crt-math-l1-1-0.dll
0x000000001f9a0000 - 0x000000001f9a5000 	C:\Program Files\Java\jdk1.8.0_251\jre\bin\api-ms-win-crt-multibyte-l1-1-0.dll
0x000000001f9b0000 - 0x000000001f9c0000 	C:\Program Files\Java\jdk1.8.0_251\jre\bin\api-ms-win-crt-private-l1-1-0.dll
0x000000001f9c0000 - 0x000000001f9c3000 	C:\Program Files\Java\jdk1.8.0_251\jre\bin\api-ms-win-crt-process-l1-1-0.dll
0x000000001f9d0000 - 0x000000001f9d4000 	C:\Program Files\Java\jdk1.8.0_251\jre\bin\api-ms-win-crt-runtime-l1-1-0.dll
0x000000001f9e0000 - 0x000000001f9e4000 	C:\Program Files\Java\jdk1.8.0_251\jre\bin\api-ms-win-crt-stdio-l1-1-0.dll
0x000000001f9f0000 - 0x000000001f9f4000 	C:\Program Files\Java\jdk1.8.0_251\jre\bin\api-ms-win-crt-string-l1-1-0.dll
0x000000001fa00000 - 0x000000001fa03000 	C:\Program Files\Java\jdk1.8.0_251\jre\bin\api-ms-win-crt-time-l1-1-0.dll
0x000000001fa10000 - 0x000000001fa13000 	C:\Program Files\Java\jdk1.8.0_251\jre\bin\api-ms-win-crt-utility-l1-1-0.dll
0x00007ffed3a30000 - 0x00007ffed3b2c000 	C:\Program Files\Java\jdk1.8.0_251\jre\bin\ucrtbase.dll
0x00007fff19d10000 - 0x00007fff19d25000 	C:\Program Files\Java\jdk1.8.0_251\jre\bin\vcruntime140.dll
0x00007ffefe2d0000 - 0x00007ffefe36b000 	C:\Program Files\Java\jdk1.8.0_251\jre\bin\msvcp140.dll
0x00007fff11d00000 - 0x00007fff11d51000 	C:\Program Files\Java\jdk1.8.0_251\jre\bin\concrt140.dll
0x00007fff11cd0000 - 0x00007fff11cf3000 	C:\Program Files\Java\jdk1.8.0_251\jre\bin\prism_d3d.dll
0x00007ffee1e90000 - 0x00007ffee205f000 	C:\WINDOWS\system32\d3d9.dll
0x00007fff29b00000 - 0x00007fff29b12000 	C:\WINDOWS\SYSTEM32\kernel.appcore.dll
0x00007fff298f0000 - 0x00007fff2991f000 	C:\WINDOWS\SYSTEM32\dwmapi.dll
0x00007fff29640000 - 0x00007fff296de000 	C:\WINDOWS\system32\uxtheme.dll
0x00007ffed35b0000 - 0x00007ffed3713000 	C:\WINDOWS\System32\DriverStore\FileRepository\iigd_dch.inf_amd64_a086f01cc7be643a\igdumdim64.dll
0x00007ffeac080000 - 0x00007ffeafa84000 	C:\WINDOWS\System32\DriverStore\FileRepository\iigd_dch.inf_amd64_a086f01cc7be643a\igd9dxva64.dll
0x00007fff2c4e0000 - 0x00007fff2c60a000 	C:\WINDOWS\System32\ole32.dll
0x00007fff2cb90000 - 0x00007fff2cc5d000 	C:\WINDOWS\System32\OLEAUT32.dll
0x00007fff2dc30000 - 0x00007fff2e097000 	C:\WINDOWS\System32\SETUPAPI.dll
0x00007fff2bc30000 - 0x00007fff2bc7e000 	C:\WINDOWS\System32\cfgmgr32.dll
0x00007fff2c370000 - 0x00007fff2c397000 	C:\WINDOWS\System32\bcrypt.dll
0x00007fff1d8f0000 - 0x00007fff1db2f000 	C:\WINDOWS\System32\DriverStore\FileRepository\iigd_dch.inf_amd64_a086f01cc7be643a\igdgmm64.dll
0x00007fff11b50000 - 0x00007fff11b95000 	C:\Program Files\Java\jdk1.8.0_251\jre\bin\glass.dll
0x00007fff2d700000 - 0x00007fff2d7db000 	C:\WINDOWS\System32\COMDLG32.dll
0x00007fff2c8a0000 - 0x00007fff2c9b6000 	C:\WINDOWS\System32\MSCTF.dll
0x00007fff2bd30000 - 0x00007fff2bdb0000 	C:\WINDOWS\System32\bcryptPrimitives.dll
0x00007fff0bbe0000 - 0x00007fff0bc07000 	C:\WINDOWS\System32\DriverStore\FileRepository\iigd_dch.inf_amd64_a086f01cc7be643a\igdinfo64.dll
0x00007fff1a780000 - 0x00007fff1d3e2000 	C:\WINDOWS\System32\DriverStore\FileRepository\iigd_dch.inf_amd64_a086f01cc7be643a\igc64.dll
0x00007fff263a0000 - 0x00007fff263db000 	C:\WINDOWS\SYSTEM32\dxcore.dll
0x00007fff18ed0000 - 0x00007fff18ee4000 	C:\Program Files\Java\jdk1.8.0_251\jre\bin\javafx_font.dll
0x00007fff15f80000 - 0x00007fff161ff000 	C:\WINDOWS\SYSTEM32\dwrite.dll
0x00007fff2e280000 - 0x00007fff2e329000 	C:\WINDOWS\System32\clbcatq.dll
0x00007fff23c80000 - 0x00007fff23e34000 	C:\WINDOWS\SYSTEM32\WindowsCodecs.dll
0x00007fff06070000 - 0x00007fff060ae000 	C:\WINDOWS\system32\dataexchange.dll
0x00007fff28060000 - 0x00007fff282c4000 	C:\WINDOWS\system32\d3d11.dll
0x00007fff28890000 - 0x00007fff28a77000 	C:\WINDOWS\system32\dcomp.dll
0x00007fff2a4e0000 - 0x00007fff2a5d3000 	C:\WINDOWS\system32\dxgi.dll
0x00007fff25e60000 - 0x00007fff26068000 	C:\WINDOWS\system32\twinapi.appcore.dll
0x00007fff11a70000 - 0x00007fff11aa4000 	C:\Program Files\Common Files\Microsoft Shared\Ink\rtscom.dll
0x00007fff23fe0000 - 0x00007fff240dd000 	C:\WINDOWS\SYSTEM32\textinputframework.dll
0x00007fff28f00000 - 0x00007fff2925e000 	C:\WINDOWS\System32\CoreUIComponents.dll
0x00007fff28e00000 - 0x00007fff28ef2000 	C:\WINDOWS\System32\CoreMessaging.dll
0x00007fff2a8d0000 - 0x00007fff2a903000 	C:\WINDOWS\SYSTEM32\ntmarta.dll
0x00007fff27960000 - 0x00007fff27ab6000 	C:\WINDOWS\SYSTEM32\wintypes.dll
0x00007fff118a0000 - 0x00007fff118b1000 	C:\Program Files\Java\jdk1.8.0_251\jre\bin\prism_common.dll
0x00007fff282d0000 - 0x00007fff28890000 	C:\WINDOWS\SYSTEM32\d2d1.dll
0x00007fff207a0000 - 0x00007fff20e96000 	C:\WINDOWS\SYSTEM32\D3D10Warp.dll
0x00007fff117b0000 - 0x00007fff117ca000 	C:\Program Files\Java\jdk1.8.0_251\jre\bin\net.dll
0x00007fff2b2b0000 - 0x00007fff2b31a000 	C:\WINDOWS\system32\mswsock.dll
0x00007fff2afe0000 - 0x00007fff2b0ab000 	C:\WINDOWS\SYSTEM32\DNSAPI.dll
0x00007fff2afa0000 - 0x00007fff2afdb000 	C:\WINDOWS\SYSTEM32\IPHLPAPI.DLL
0x00007fff2e0a0000 - 0x00007fff2e0a8000 	C:\WINDOWS\System32\NSI.dll
0x00007fff23c10000 - 0x00007fff23c1a000 	C:\Windows\System32\rasadhlp.dll
0x00007fff23360000 - 0x00007fff233df000 	C:\WINDOWS\System32\fwpuclnt.dll
0x00007fff0d7b0000 - 0x00007fff0d7d4000 	C:\Program Files\Java\jdk1.8.0_251\jre\bin\sunec.dll
0x00007fff24240000 - 0x00007fff24257000 	C:\WINDOWS\SYSTEM32\dhcpcsvc6.DLL
0x00007fff24860000 - 0x00007fff2487d000 	C:\WINDOWS\SYSTEM32\dhcpcsvc.DLL
0x00007fff113e0000 - 0x00007fff113f2000 	C:\Program Files\Java\jdk1.8.0_251\jre\bin\nio.dll
0x00007fff2b490000 - 0x00007fff2b4a8000 	C:\WINDOWS\SYSTEM32\CRYPTSP.dll
0x00007fff2ac40000 - 0x00007fff2ac74000 	C:\WINDOWS\system32\rsaenh.dll

VM Arguments:
jvm_args: -Dfile.encoding=Cp1252 
java_command: com.ecsail.main.Main
java_class_path (initial): C:\Users\pcame\git\ECSC\target\classes;C:\Users\pcame\.m2\repository\mysql\mysql-connector-java\8.0.19\mysql-connector-java-8.0.19.jar;C:\Users\pcame\.m2\repository\com\google\protobuf\protobuf-java\3.6.1\protobuf-java-3.6.1.jar;C:\Users\pcame\.m2\repository\com\itextpdf\barcodes\7.1.13\barcodes-7.1.13.jar;C:\Users\pcame\.m2\repository\com\itextpdf\font-asian\7.1.13\font-asian-7.1.13.jar;C:\Users\pcame\.m2\repository\com\itextpdf\forms\7.1.13\forms-7.1.13.jar;C:\Users\pcame\.m2\repository\com\itextpdf\hyph\7.1.13\hyph-7.1.13.jar;C:\Users\pcame\.m2\repository\com\itextpdf\io\7.1.13\io-7.1.13.jar;C:\Users\pcame\.m2\repository\com\itextpdf\kernel\7.1.13\kernel-7.1.13.jar;C:\Users\pcame\.m2\repository\org\bouncycastle\bcpkix-jdk15on\1.64\bcpkix-jdk15on-1.64.jar;C:\Users\pcame\.m2\repository\org\bouncycastle\bcprov-jdk15on\1.64\bcprov-jdk15on-1.64.jar;C:\Users\pcame\.m2\repository\com\itextpdf\pdfa\7.1.13\pdfa-7.1.13.jar;C:\Users\pcame\.m2\repository\com\itextpdf\sign\7.1.13\sign-7.1.13.jar;C:\Users\pcame\.m2\repository\com\itextpdf\styled-xml-parser\7.1.13\styled-xml-parser-7.1.13.jar;C:\Users\pcame\.m2\repository\com\itextpdf\svg\7.1.13\svg-7.1.13.jar;C:\Users\pcame\.m2\repository\com\itextpdf\layout\7.1.13\layout-7.1.13.jar;C:\Users\pcame\.m2\repository\org\slf4j\slf4j-api\1.7.13\slf4j-api-1.7.13.jar;C:\Users\pcame\.m2\repository\org\apache\poi\poi\4.1.2\poi-4.1.2.jar;C:\Users\pcame\.m2\repository\commons-codec\commons-codec\1.13\commons-codec-1.13.jar;C:\Users\pcame\.m2\repository\org\apache\commons\commons-collections4\4.4\commons-collections4-4.4.jar;C:\Users\pcame\.m2\repository\org\apache\commons\commons-math3\3.6.1\commons-math3-3.6.1.jar;C:\Users\pcame\.m2\repository\com\zaxxer\SparseBitSet\1.2\SparseBitSet-1.2.jar;C:\Users\pcame\.m2\repository\org\apache\poi\poi-ooxml\4.1.2\poi-ooxml-4.1.2.jar;C:\Users\pcame\.m2\repository\org\apache\poi\poi-ooxml-schemas\4.1.2\poi-ooxml-schemas-4.1.2.jar;C:\Users\pcame\.m2\repository\org\apache\xm
Launcher Type: SUN_STANDARD

Environment Variables:
PATH=C:/Program Files/Java/jre1.8.0_251/bin/server;C:/Program Files/Java/jre1.8.0_251/bin;C:/Program Files/Java/jre1.8.0_251/lib/amd64;C:\Program Files (x86)\Common Files\Oracle\Java\javapath;C:\WINDOWS\system32;C:\WINDOWS;C:\WINDOWS\System32\Wbem;C:\WINDOWS\System32\WindowsPowerShell\v1.0\;C:\WINDOWS\System32\OpenSSH\;C:\Program Files\dotnet\;C:\Program Files\LLVM\bin;C:\Program Files\PuTTY\;C:\Program Files\Git\cmd;C:\Users\pcame\AppData\Local\Microsoft\WindowsApps;C:\Users\pcame\AppData\Local\atom\bin;C:\Users\pcame\AppData\Local\GitHubDesktop\bin;C:\Users\pcame\AppData\Local\Programs\Microsoft VS Code\bin;C:\Program Files (x86)\Nmap;C:\Users\pcame\AppData\Local\Microsoft\WindowsApps;C:\Program Files\Inkscape\bin;C:\Users\pcame\Desktop;
USERNAME=pcame
OS=Windows_NT
PROCESSOR_IDENTIFIER=Intel64 Family 6 Model 142 Stepping 10, GenuineIntel



---------------  S Y S T E M  ---------------

OS: Windows 10.0 , 64 bit Build 19041 (10.0.19041.662)

CPU:total 8 (initial active 8) (4 cores per cpu, 2 threads per core) family 6 model 142 stepping 10, cmov, cx8, fxsr, mmx, sse, sse2, sse3, ssse3, sse4.1, sse4.2, popcnt, avx, avx2, aes, clmul, erms, rtm, 3dnowpref, lzcnt, ht, tsc, tscinvbit, bmi1, bmi2, adx

Memory: 4k page, physical 16646288k(8621044k free), swap 19136656k(6873444k free)

vm_info: Java HotSpot(TM) 64-Bit Server VM (25.251-b08) for windows-amd64 JRE (1.8.0_251-b08), built on Mar 12 2020 06:31:49 by "" with MS VC++ 10.0 (VS2010)

time: Thu Dec 31 15:16:10 2020
timezone: US Eastern Standard Time
elapsed time: 440 seconds (0d 0h 7m 20s)

